This is pdfTeX, Version 3.141592653-2.6-1.40.28 (MiKTeX 25.12) (preloaded format=pdflatex 2026.5.1)  1 MAY 2026 11:07
entering extended mode
 restricted \write18 enabled.
 %&-line parsing enabled.
**./report_neurips.tex
(report_neurips.tex
LaTeX2e <2025-11-01>
L3 programming layer <2025-12-24>
(C:\Program Files\MiKTeX\tex/latex/base\article.cls
Document Class: article 2025/01/22 v1.4n Standard LaTeX document class
(C:\Program Files\MiKTeX\tex/latex/base\size10.clo
File: size10.clo 2025/01/22 v1.4n Standard LaTeX file (size option)
)
\c@part=\count275
\c@section=\count276
\c@subsection=\count277
\c@subsubsection=\count278
\c@paragraph=\count279
\c@subparagraph=\count280
\c@figure=\count281
\c@table=\count282
\abovecaptionskip=\skip49
\belowcaptionskip=\skip50
\bibindent=\dimen148
) (neurips_2025.sty
Package: neurips_2025 2025/05/01 NeurIPS 2025 submission/camera-ready style fil
e

(C:\Program Files\MiKTeX\tex/latex/environ\environ.sty
Package: environ 2014/05/04 v0.3 A new way to define environments

(C:\Program Files\MiKTeX\tex/latex/trimspaces\trimspaces.sty
Package: trimspaces 2009/09/17 v1.1 Trim spaces around a token list
)
\@envbody=\toks17
)
(C:\Users\admin\AppData\Roaming\MiKTeX\tex/latex/natbib\natbib.sty
Package: natbib 2010/09/13 8.31b (PWD, AO)
\bibhang=\skip51
\bibsep=\skip52
LaTeX Info: Redefining \cite on input line 694.
\c@NAT@ctr=\count283
)
(C:\Users\admin\AppData\Roaming\MiKTeX\tex/latex/geometry\geometry.sty
Package: geometry 2026/03/07 v6.0 Page Geometry

(C:\Program Files\MiKTeX\tex/latex/graphics\keyval.sty
Package: keyval 2022/05/29 v1.15 key=value parser (DPC)
\KV@toks@=\toks18
)
(C:\Program Files\MiKTeX\tex/generic/iftex\ifvtex.sty
Package: ifvtex 2019/10/25 v1.7 ifvtex legacy package. Use iftex instead.

(C:\Program Files\MiKTeX\tex/generic/iftex\iftex.sty
Package: iftex 2024/12/12 v1.0g TeX engine tests
))
\Gm@cnth=\count284
\Gm@cntv=\count285
\c@Gm@tempcnt=\count286
\Gm@bindingoffset=\dimen149
\Gm@wd@mp=\dimen150
\Gm@odd@mp=\dimen151
\Gm@even@mp=\dimen152
\Gm@layoutwidth=\dimen153
\Gm@layoutheight=\dimen154
\Gm@layouthoffset=\dimen155
\Gm@layoutvoffset=\dimen156
\Gm@dimlist=\toks19

(C:\Users\admin\AppData\Roaming\MiKTeX\tex/latex/geometry\geometry.cfg))
\@neuripsabovecaptionskip=\skip53
\@neuripsbelowcaptionskip=\skip54
)
(C:\Program Files\MiKTeX\tex/latex/base\inputenc.sty
Package: inputenc 2024/02/08 v1.3d Input encoding file
\inpenc@prehook=\toks20
\inpenc@posthook=\toks21
)
(C:\Program Files\MiKTeX\tex/latex/base\fontenc.sty
Package: fontenc 2025/07/18 v2.1d Standard LaTeX package
LaTeX Font Info:    Trying to load font information for T1+ptm on input line 11
6.

(C:\Users\admin\AppData\Roaming\MiKTeX\tex/latex/psnfss\t1ptm.fd
File: t1ptm.fd 2001/06/04 font definitions for T1/ptm.
))
(C:\Program Files\MiKTeX\tex/generic/babel\babel.sty
Package: babel 2025/12/11 v25.17 The multilingual framework for LuaLaTeX, pdfLa
TeX and XeLaTeX
\babel@savecnt=\count287
LaTeX Encoding Info:    Redeclaring text command \ij (encoding OT1) on input li
ne 2068.
LaTeX Encoding Info:    Redeclaring text command \IJ (encoding OT1) on input li
ne 2070.
LaTeX Encoding Info:    Redeclaring text command \ij (encoding T1) on input lin
e 2072.
LaTeX Encoding Info:    Redeclaring text command \IJ (encoding T1) on input lin
e 2073.
LaTeX Encoding Info:    Ignoring declaration for text command \ij (encoding ?) 
on input line 2074.
LaTeX Encoding Info:    Ignoring declaration for text command \IJ (encoding ?) 
on input line 2076.
LaTeX Encoding Info:    Ignoring declaration for text command \SS (encoding ?) 
on input line 2101.
\U@D=\dimen157
\l@unhyphenated=\language79

(C:\Program Files\MiKTeX\tex/generic/babel\txtbabel.def)
\bbl@readstream=\read2
\bbl@dirlevel=\count288
Package babel Info: Configuration files are deprecated, as
(babel)             they can break document portability.
(babel)             Reported on input line 4196.

*************************************
* Local config file bblopts.cfg used
*
(C:\Program Files\MiKTeX\tex/latex/arabi\bblopts.cfg
File: bblopts.cfg 2005/09/08 v0.1 add Arabic and Farsi to "declared" options of
 babel
)
(C:\Program Files\MiKTeX\tex/generic/babel/locale/vi\babel-vietnamese.tex)
Package babel Info: Importing font and identification data for vietnamese
(babel)             from babel-vi.ini. Reported on input line 4320.

(C:\Users\admin\AppData\Roaming\MiKTeX\tex/latex/babel-vietnamese\vietnamese.ld
f
Language: vietnamese 


Package babel Warning: No hyphenation patterns were preloaded for
(babel)                the language 'Vietnamese' into the format.
(babel)                Please, configure your TeX system to add them and
(babel)                rebuild the format. Now I will use the patterns
(babel)                preloaded for \language=0 instead on input line 36.

Package babel Info: Hyphen rules for 'vietnamese' set to \l@english
(babel)             (\language0). Reported on input line 37.
Package babel Info: Hyphen rules for 'vietnam' set to \l@english
(babel)             (\language0). Reported on input line 38.
Loading definitions for the Vietnamese font encoding
(C:\Users\admin\AppData\Roaming\MiKTeX\tex/latex/vntex\t5enc.def
File: t5enc.def 2006/11/21 v1.4 Vietnamese T5 encoding
Now handling font encoding T5 ...
... processing UTF-8 mapping file for font encoding T5

(C:\Users\admin\AppData\Roaming\MiKTeX\tex/latex/vntex\t5enc.dfu
File: t5enc.dfu 2006/08/19 v1.1 UTF8 support for Vietnamese
   defining Unicode char U+00AB (decimal 171)
   defining Unicode char U+00BB (decimal 187)
   defining Unicode char U+00C0 (decimal 192)
   defining Unicode char U+00C1 (decimal 193)
   defining Unicode char U+00C2 (decimal 194)
   defining Unicode char U+00C3 (decimal 195)
   defining Unicode char U+00C8 (decimal 200)
   defining Unicode char U+00C9 (decimal 201)
   defining Unicode char U+00CA (decimal 202)
   defining Unicode char U+00CC (decimal 204)
   defining Unicode char U+00CD (decimal 205)
   defining Unicode char U+00D2 (decimal 210)
   defining Unicode char U+00D3 (decimal 211)
   defining Unicode char U+00D4 (decimal 212)
   defining Unicode char U+00D5 (decimal 213)
   defining Unicode char U+00D9 (decimal 217)
   defining Unicode char U+00DA (decimal 218)
   defining Unicode char U+00DD (decimal 221)
   defining Unicode char U+00E0 (decimal 224)
   defining Unicode char U+00E1 (decimal 225)
   defining Unicode char U+00E2 (decimal 226)
   defining Unicode char U+00E3 (decimal 227)
   defining Unicode char U+00E8 (decimal 232)
   defining Unicode char U+00E9 (decimal 233)
   defining Unicode char U+00EA (decimal 234)
   defining Unicode char U+00EC (decimal 236)
   defining Unicode char U+00ED (decimal 237)
   defining Unicode char U+00F2 (decimal 242)
   defining Unicode char U+00F3 (decimal 243)
   defining Unicode char U+00F4 (decimal 244)
   defining Unicode char U+00F5 (decimal 245)
   defining Unicode char U+00F9 (decimal 249)
   defining Unicode char U+00FA (decimal 250)
   defining Unicode char U+00FD (decimal 253)
   defining Unicode char U+0102 (decimal 258)
   defining Unicode char U+0103 (decimal 259)
   defining Unicode char U+0110 (decimal 272)
   defining Unicode char U+0111 (decimal 273)
   defining Unicode char U+0128 (decimal 296)
   defining Unicode char U+0129 (decimal 297)
   defining Unicode char U+0131 (decimal 305)
   defining Unicode char U+0168 (decimal 360)
   defining Unicode char U+0169 (decimal 361)
   defining Unicode char U+01A0 (decimal 416)
   defining Unicode char U+01A1 (decimal 417)
   defining Unicode char U+01AF (decimal 431)
   defining Unicode char U+01B0 (decimal 432)
   defining Unicode char U+1EA0 (decimal 7840)
   defining Unicode char U+1EA1 (decimal 7841)
   defining Unicode char U+1EA2 (decimal 7842)
   defining Unicode char U+1EA3 (decimal 7843)
   defining Unicode char U+1EA4 (decimal 7844)
   defining Unicode char U+1EA5 (decimal 7845)
   defining Unicode char U+1EA6 (decimal 7846)
   defining Unicode char U+1EA7 (decimal 7847)
   defining Unicode char U+1EA8 (decimal 7848)
   defining Unicode char U+1EA9 (decimal 7849)
   defining Unicode char U+1EAA (decimal 7850)
   defining Unicode char U+1EAB (decimal 7851)
   defining Unicode char U+1EAC (decimal 7852)
   defining Unicode char U+1EAD (decimal 7853)
   defining Unicode char U+1EAE (decimal 7854)
   defining Unicode char U+1EAF (decimal 7855)
   defining Unicode char U+1EB0 (decimal 7856)
   defining Unicode char U+1EB1 (decimal 7857)
   defining Unicode char U+1EB2 (decimal 7858)
   defining Unicode char U+1EB3 (decimal 7859)
   defining Unicode char U+1EB4 (decimal 7860)
   defining Unicode char U+1EB5 (decimal 7861)
   defining Unicode char U+1EB6 (decimal 7862)
   defining Unicode char U+1EB7 (decimal 7863)
   defining Unicode char U+1EB8 (decimal 7864)
   defining Unicode char U+1EB9 (decimal 7865)
   defining Unicode char U+1EBA (decimal 7866)
   defining Unicode char U+1EBB (decimal 7867)
   defining Unicode char U+1EBC (decimal 7868)
   defining Unicode char U+1EBD (decimal 7869)
   defining Unicode char U+1EBE (decimal 7870)
   defining Unicode char U+1EBF (decimal 7871)
   defining Unicode char U+1EC0 (decimal 7872)
   defining Unicode char U+1EC1 (decimal 7873)
   defining Unicode char U+1EC2 (decimal 7874)
   defining Unicode char U+1EC3 (decimal 7875)
   defining Unicode char U+1EC4 (decimal 7876)
   defining Unicode char U+1EC5 (decimal 7877)
   defining Unicode char U+1EC6 (decimal 7878)
   defining Unicode char U+1EC7 (decimal 7879)
   defining Unicode char U+1EC8 (decimal 7880)
   defining Unicode char U+1EC9 (decimal 7881)
   defining Unicode char U+1ECA (decimal 7882)
   defining Unicode char U+1ECB (decimal 7883)
   defining Unicode char U+1ECC (decimal 7884)
   defining Unicode char U+1ECD (decimal 7885)
   defining Unicode char U+1ECE (decimal 7886)
   defining Unicode char U+1ECF (decimal 7887)
   defining Unicode char U+1ED0 (decimal 7888)
   defining Unicode char U+1ED1 (decimal 7889)
   defining Unicode char U+1ED2 (decimal 7890)
   defining Unicode char U+1ED3 (decimal 7891)
   defining Unicode char U+1ED4 (decimal 7892)
   defining Unicode char U+1ED5 (decimal 7893)
   defining Unicode char U+1ED6 (decimal 7894)
   defining Unicode char U+1ED7 (decimal 7895)
   defining Unicode char U+1ED8 (decimal 7896)
   defining Unicode char U+1ED9 (decimal 7897)
   defining Unicode char U+1EDA (decimal 7898)
   defining Unicode char U+1EDB (decimal 7899)
   defining Unicode char U+1EDC (decimal 7900)
   defining Unicode char U+1EDD (decimal 7901)
   defining Unicode char U+1EDE (decimal 7902)
   defining Unicode char U+1EDF (decimal 7903)
   defining Unicode char U+1EE0 (decimal 7904)
   defining Unicode char U+1EE1 (decimal 7905)
   defining Unicode char U+1EE2 (decimal 7906)
   defining Unicode char U+1EE3 (decimal 7907)
   defining Unicode char U+1EE4 (decimal 7908)
   defining Unicode char U+1EE5 (decimal 7909)
   defining Unicode char U+1EE6 (decimal 7910)
   defining Unicode char U+1EE7 (decimal 7911)
   defining Unicode char U+1EE8 (decimal 7912)
   defining Unicode char U+1EE9 (decimal 7913)
   defining Unicode char U+1EEA (decimal 7914)
   defining Unicode char U+1EEB (decimal 7915)
   defining Unicode char U+1EEC (decimal 7916)
   defining Unicode char U+1EED (decimal 7917)
   defining Unicode char U+1EEE (decimal 7918)
   defining Unicode char U+1EEF (decimal 7919)
   defining Unicode char U+1EF0 (decimal 7920)
   defining Unicode char U+1EF1 (decimal 7921)
   defining Unicode char U+1EF2 (decimal 7922)
   defining Unicode char U+1EF3 (decimal 7923)
   defining Unicode char U+1EF4 (decimal 7924)
   defining Unicode char U+1EF5 (decimal 7925)
   defining Unicode char U+1EF6 (decimal 7926)
   defining Unicode char U+1EF7 (decimal 7927)
   defining Unicode char U+1EF8 (decimal 7928)
   defining Unicode char U+1EF9 (decimal 7929)
   defining Unicode char U+200C (decimal 8204)
   defining Unicode char U+2013 (decimal 8211)
   defining Unicode char U+2014 (decimal 8212)
   defining Unicode char U+2018 (decimal 8216)
   defining Unicode char U+2019 (decimal 8217)
   defining Unicode char U+201A (decimal 8218)
   defining Unicode char U+201C (decimal 8220)
   defining Unicode char U+201D (decimal 8221)
   defining Unicode char U+201E (decimal 8222)
   defining Unicode char U+2030 (decimal 8240)
   defining Unicode char U+2031 (decimal 8241)
   defining Unicode char U+2039 (decimal 8249)
   defining Unicode char U+203A (decimal 8250)
   defining Unicode char U+2423 (decimal 9251)
))
Package babel Info: Making " an active character on input line 147.
))
(C:\Program Files\MiKTeX\tex/latex/hyperref\hyperref.sty
Package: hyperref 2025-07-12 v7.01o Hypertext links for LaTeX

(C:\Users\admin\AppData\Roaming\MiKTeX\tex/latex/kvsetkeys\kvsetkeys.sty
Package: kvsetkeys 2022-10-05 v1.19 Key value parser (HO)
)
(C:\Users\admin\AppData\Roaming\MiKTeX\tex/generic/kvdefinekeys\kvdefinekeys.st
y
Package: kvdefinekeys 2019-12-19 v1.6 Define keys (HO)
) (C:\Users\admin\AppData\Roaming\MiKTeX\tex/generic/pdfescape\pdfescape.sty
Package: pdfescape 2019/12/09 v1.15 Implements pdfTeX's escape features (HO)

(C:\Users\admin\AppData\Roaming\MiKTeX\tex/generic/ltxcmds\ltxcmds.sty
Package: ltxcmds 2023-12-04 v1.26 LaTeX kernel commands for general use (HO)
)
(C:\Program Files\MiKTeX\tex/generic/pdftexcmds\pdftexcmds.sty
Package: pdftexcmds 2020-06-27 v0.33 Utility functions of pdfTeX for LuaTeX (HO
)

(C:\Users\admin\AppData\Roaming\MiKTeX\tex/generic/infwarerr\infwarerr.sty
Package: infwarerr 2019/12/03 v1.5 Providing info/warning/error messages (HO)
)
Package pdftexcmds Info: \pdf@primitive is available.
Package pdftexcmds Info: \pdf@ifprimitive is available.
Package pdftexcmds Info: \pdfdraftmode found.
))
(C:\Users\admin\AppData\Roaming\MiKTeX\tex/latex/hycolor\hycolor.sty
Package: hycolor 2020-01-27 v1.10 Color options for hyperref/bookmark (HO)
)
(C:\Program Files\MiKTeX\tex/latex/hyperref\nameref.sty
Package: nameref 2025-06-21 v2.57 Cross-referencing by name of section

(C:\Users\admin\AppData\Roaming\MiKTeX\tex/latex/refcount\refcount.sty
Package: refcount 2019/12/15 v3.6 Data extraction from label references (HO)
)
(C:\Users\admin\AppData\Roaming\MiKTeX\tex/generic/gettitlestring\gettitlestrin
g.sty
Package: gettitlestring 2019/12/15 v1.6 Cleanup title references (HO)
 (C:\Users\admin\AppData\Roaming\MiKTeX\tex/latex/kvoptions\kvoptions.sty
Package: kvoptions 2022-06-15 v3.15 Key value format for package options (HO)
))
\c@section@level=\count289
) (C:\Program Files\MiKTeX\tex/latex/etoolbox\etoolbox.sty
Package: etoolbox 2025/10/02 v2.5m e-TeX tools for LaTeX (JAW)
\etb@tempcnta=\count290
)
(C:\Users\admin\AppData\Roaming\MiKTeX\tex/generic/stringenc\stringenc.sty
Package: stringenc 2019/11/29 v1.12 Convert strings between diff. encodings (HO
)
)
\@linkdim=\dimen158
\Hy@linkcounter=\count291
\Hy@pagecounter=\count292

(C:\Program Files\MiKTeX\tex/latex/hyperref\pd1enc.def
File: pd1enc.def 2025-07-12 v7.01o Hyperref: PDFDocEncoding definition (HO)
Now handling font encoding PD1 ...
... no UTF-8 mapping file for font encoding PD1
)
(C:\Users\admin\AppData\Roaming\MiKTeX\tex/generic/intcalc\intcalc.sty
Package: intcalc 2019/12/15 v1.3 Expandable calculations with integers (HO)
)
\Hy@SavedSpaceFactor=\count293

(C:\Program Files\MiKTeX\tex/latex/hyperref\puenc.def
File: puenc.def 2025-07-12 v7.01o Hyperref: PDF Unicode definition (HO)
Now handling font encoding PU ...
... no UTF-8 mapping file for font encoding PU
)
Package hyperref Info: Hyper figures OFF on input line 4195.
Package hyperref Info: Link nesting OFF on input line 4200.
Package hyperref Info: Hyper index ON on input line 4203.
Package hyperref Info: Plain pages OFF on input line 4210.
Package hyperref Info: Backreferencing OFF on input line 4215.
Package hyperref Info: Implicit mode ON; LaTeX internals redefined.
Package hyperref Info: Bookmarks ON on input line 4462.
\c@Hy@tempcnt=\count294

(C:\Program Files\MiKTeX\tex/latex/url\url.sty
\Urlmuskip=\muskip17
Package: url 2013/09/16  ver 3.4  Verb mode for urls, etc.
)
LaTeX Info: Redefining \url on input line 4801.
\XeTeXLinkMargin=\dimen159

(C:\Users\admin\AppData\Roaming\MiKTeX\tex/generic/bitset\bitset.sty
Package: bitset 2019/12/09 v1.3 Handle bit-vector datatype (HO)

(C:\Users\admin\AppData\Roaming\MiKTeX\tex/generic/bigintcalc\bigintcalc.sty
Package: bigintcalc 2019/12/15 v1.5 Expandable calculations on big integers (HO
)
))
\Fld@menulength=\count295
\Field@Width=\dimen160
\Fld@charsize=\dimen161
Package hyperref Info: Hyper figures OFF on input line 6078.
Package hyperref Info: Link nesting OFF on input line 6083.
Package hyperref Info: Hyper index ON on input line 6086.
Package hyperref Info: backreferencing OFF on input line 6093.
Package hyperref Info: Link coloring OFF on input line 6098.
Package hyperref Info: Link coloring with OCG OFF on input line 6103.
Package hyperref Info: PDF/A mode OFF on input line 6108.
\Hy@abspage=\count296
\c@Item=\count297
\c@Hfootnote=\count298
)
Package hyperref Info: Driver (autodetected): hpdftex.
(C:\Program Files\MiKTeX\tex/latex/hyperref\hpdftex.def
File: hpdftex.def 2025-07-12 v7.01o Hyperref driver for pdfTeX
\Fld@listcount=\count299
\c@bookmark@seq@number=\count300

(C:\Users\admin\AppData\Roaming\MiKTeX\tex/latex/rerunfilecheck\rerunfilecheck.
sty
Package: rerunfilecheck 2025-06-21 v1.11 Rerun checks for auxiliary files (HO)

(C:\Users\admin\AppData\Roaming\MiKTeX\tex/generic/uniquecounter\uniquecounter.
sty
Package: uniquecounter 2019/12/15 v1.4 Provide unlimited unique counter (HO)
)
Package uniquecounter Info: New unique counter `rerunfilecheck' on input line 2
84.
)
\Hy@SectionHShift=\skip55
) (C:\Users\admin\AppData\Roaming\MiKTeX\tex/latex/booktabs\booktabs.sty
Package: booktabs 2020/01/12 v1.61803398 Publication quality tables
\heavyrulewidth=\dimen162
\lightrulewidth=\dimen163
\cmidrulewidth=\dimen164
\belowrulesep=\dimen165
\belowbottomsep=\dimen166
\aboverulesep=\dimen167
\abovetopsep=\dimen168
\cmidrulesep=\dimen169
\cmidrulekern=\dimen170
\defaultaddspace=\dimen171
\@cmidla=\count301
\@cmidlb=\count302
\@aboverulesep=\dimen172
\@belowrulesep=\dimen173
\@thisruleclass=\count303
\@lastruleclass=\count304
\@thisrulewidth=\dimen174
)
(C:\Program Files\MiKTeX\tex/latex/amsfonts\amsfonts.sty
Package: amsfonts 2013/01/14 v3.01 Basic AMSFonts support
\@emptytoks=\toks22
\symAMSa=\mathgroup4
\symAMSb=\mathgroup5
LaTeX Font Info:    Redeclaring math symbol \hbar on input line 98.
LaTeX Font Info:    Overwriting math alphabet `\mathfrak' in version `bold'
(Font)                  U/euf/m/n --> U/euf/b/n on input line 106.
)
(C:\Users\admin\AppData\Roaming\MiKTeX\tex/latex/units\nicefrac.sty
Package: nicefrac 1998/08/04 v0.9b Nice fractions
\L@UnitsRaiseDisplaystyle=\skip56
\L@UnitsRaiseTextstyle=\skip57
\L@UnitsRaiseScriptstyle=\skip58

(C:\Program Files\MiKTeX\tex/latex/base\ifthen.sty
Package: ifthen 2024/03/16 v1.1e Standard LaTeX ifthen package (DPC)
))
(C:\Users\admin\AppData\Roaming\MiKTeX\tex/latex/microtype\microtype.sty
Package: microtype 2026/03/01 v3.2d Micro-typographical refinements (RS)
\MT@toks=\toks23
\MT@tempbox=\box53
\MT@count=\count305
LaTeX Info: Redefining \noprotrusionifhmode on input line 1084.
LaTeX Info: Redefining \leftprotrusion on input line 1085.
\MT@prot@toks=\toks24
LaTeX Info: Redefining \rightprotrusion on input line 1104.
LaTeX Info: Redefining \textls on input line 1449.
\MT@outer@kern=\dimen175
LaTeX Info: Redefining \microtypecontext on input line 2053.
LaTeX Info: Redefining \textmicrotypecontext on input line 2070.
\MT@listname@count=\count306

(C:\Users\admin\AppData\Roaming\MiKTeX\tex/latex/microtype\microtype-pdftex.def
File: microtype-pdftex.def 2026/03/01 v3.2d Definitions specific to pdftex (RS)

LaTeX Info: Redefining \lsstyle on input line 944.
LaTeX Info: Redefining \lslig on input line 944.
\MT@outer@space=\skip59
)
Package microtype Info: Loading configuration file microtype.cfg.
 (C:\Users\admin\AppData\Roaming\MiKTeX\tex/latex/microtype\microtype.cfg
File: microtype.cfg 2026/03/01 v3.2d microtype main configuration file (RS)
)
LaTeX Info: Redefining \microtypesetup on input line 3065.
)
(C:\Program Files\MiKTeX\tex/latex/xcolor\xcolor.sty
Package: xcolor 2024/09/29 v3.02 LaTeX color extensions (UK)

(C:\Program Files\MiKTeX\tex/latex/graphics-cfg\color.cfg
File: color.cfg 2016/01/02 v1.6 sample color configuration
)
Package xcolor Info: Driver file: pdftex.def on input line 274.

(C:\Program Files\MiKTeX\tex/latex/graphics-def\pdftex.def
File: pdftex.def 2025/09/29 v1.2d Graphics/color driver for pdftex
)
(C:\Program Files\MiKTeX\tex/latex/graphics\mathcolor.ltx)
Package xcolor Info: Model `cmy' substituted by `cmy0' on input line 1349.
Package xcolor Info: Model `hsb' substituted by `rgb' on input line 1353.
Package xcolor Info: Model `RGB' extended on input line 1365.
Package xcolor Info: Model `HTML' substituted by `rgb' on input line 1367.
Package xcolor Info: Model `Hsb' substituted by `hsb' on input line 1368.
Package xcolor Info: Model `tHsb' substituted by `hsb' on input line 1369.
Package xcolor Info: Model `HSB' substituted by `hsb' on input line 1370.
Package xcolor Info: Model `Gray' substituted by `gray' on input line 1371.
Package xcolor Info: Model `wave' substituted by `hsb' on input line 1372.
)
(C:\Program Files\MiKTeX\tex/latex/graphics\graphicx.sty
Package: graphicx 2024/12/31 v1.2e Enhanced LaTeX Graphics (DPC,SPQR)

(C:\Program Files\MiKTeX\tex/latex/graphics\graphics.sty
Package: graphics 2024/08/06 v1.4g Standard LaTeX Graphics (DPC,SPQR)

(C:\Program Files\MiKTeX\tex/latex/graphics\trig.sty
Package: trig 2023/12/02 v1.11 sin cos tan (DPC)
)
(C:\Program Files\MiKTeX\tex/latex/graphics-cfg\graphics.cfg
File: graphics.cfg 2016/06/04 v1.11 sample graphics configuration
)
Package graphics Info: Driver file: pdftex.def on input line 106.
)
\Gin@req@height=\dimen176
\Gin@req@width=\dimen177
)
(C:\Program Files\MiKTeX\tex/latex/amsmath\amsmath.sty
Package: amsmath 2025/07/09 v2.17z AMS math features
\@mathmargin=\skip60

For additional information on amsmath, use the `?' option.
(C:\Program Files\MiKTeX\tex/latex/amsmath\amstext.sty
Package: amstext 2024/11/17 v2.01 AMS text

(C:\Program Files\MiKTeX\tex/latex/amsmath\amsgen.sty
File: amsgen.sty 1999/11/30 v2.0 generic functions
\@emptytoks=\toks25
\ex@=\dimen178
))
(C:\Program Files\MiKTeX\tex/latex/amsmath\amsbsy.sty
Package: amsbsy 1999/11/29 v1.2d Bold Symbols
\pmbraise@=\dimen179
)
(C:\Program Files\MiKTeX\tex/latex/amsmath\amsopn.sty
Package: amsopn 2022/04/08 v2.04 operator names
)
\inf@bad=\count307
LaTeX Info: Redefining \frac on input line 233.
\uproot@=\count308
\leftroot@=\count309
LaTeX Info: Redefining \overline on input line 398.
LaTeX Info: Redefining \colon on input line 409.
\classnum@=\count310
\DOTSCASE@=\count311
LaTeX Info: Redefining \ldots on input line 495.
LaTeX Info: Redefining \dots on input line 498.
LaTeX Info: Redefining \cdots on input line 619.
\Mathstrutbox@=\box54
\strutbox@=\box55
LaTeX Info: Redefining \big on input line 721.
LaTeX Info: Redefining \Big on input line 722.
LaTeX Info: Redefining \bigg on input line 723.
LaTeX Info: Redefining \Bigg on input line 724.
\big@size=\dimen180
LaTeX Font Info:    Redeclaring font encoding OML on input line 742.
LaTeX Font Info:    Redeclaring font encoding OMS on input line 743.
\macc@depth=\count312
LaTeX Info: Redefining \bmod on input line 904.
LaTeX Info: Redefining \pmod on input line 909.
LaTeX Info: Redefining \smash on input line 939.
LaTeX Info: Redefining \relbar on input line 969.
LaTeX Info: Redefining \Relbar on input line 970.
\c@MaxMatrixCols=\count313
\dotsspace@=\muskip18
\c@parentequation=\count314
\dspbrk@lvl=\count315
\tag@help=\toks26
\row@=\count316
\column@=\count317
\maxfields@=\count318
\andhelp@=\toks27
\eqnshift@=\dimen181
\alignsep@=\dimen182
\tagshift@=\dimen183
\tagwidth@=\dimen184
\totwidth@=\dimen185
\lineht@=\dimen186
\@envbody=\toks28
\multlinegap=\skip61
\multlinetaggap=\skip62
\mathdisplay@stack=\toks29
LaTeX Info: Redefining \[ on input line 2950.
LaTeX Info: Redefining \] on input line 2951.
)
(C:\Users\admin\AppData\Roaming\MiKTeX\tex/latex/caption\subcaption.sty
Package: subcaption 2023/07/28 v1.6b Sub-captions (AR)

(C:\Users\admin\AppData\Roaming\MiKTeX\tex/latex/caption\caption.sty
Package: caption 2023/08/05 v3.6o Customizing captions (AR)

(C:\Users\admin\AppData\Roaming\MiKTeX\tex/latex/caption\caption3.sty
Package: caption3 2023/07/31 v2.4d caption3 kernel (AR)
\caption@tempdima=\dimen187
\captionmargin=\dimen188
\caption@leftmargin=\dimen189
\caption@rightmargin=\dimen190
\caption@width=\dimen191
\caption@indent=\dimen192
\caption@parindent=\dimen193
\caption@hangindent=\dimen194
Package caption Info: Standard document class detected.
)
\c@caption@flags=\count319
\c@continuedfloat=\count320
Package caption Info: hyperref package is loaded.
)
Package caption Info: New subtype `subfigure' on input line 238.
\c@subfigure=\count321
Package caption Info: New subtype `subtable' on input line 238.
\c@subtable=\count322
)
(C:\Users\admin\AppData\Roaming\MiKTeX\tex/latex/multirow\multirow.sty
Package: multirow 2024/11/12 v2.9 Span multiple rows of a table
\multirow@colwidth=\skip63
\multirow@cntb=\count323
\multirow@dima=\skip64
\bigstrutjot=\dimen195
)
(C:\Users\admin\AppData\Roaming\MiKTeX\tex/latex/enumitem\enumitem.sty
Package: enumitem 2025/02/06 v3.11 Customized lists
\labelindent=\skip65
\enit@outerparindent=\dimen196
\enit@toks=\toks30
\enit@inbox=\box56
\enit@count@id=\count324
\enitdp@description=\count325
)
Package hyperref Info: Option `colorlinks' set `true' on input line 25.

(C:\Program Files\MiKTeX\tex/latex/l3backend\l3backend-pdftex.def
File: l3backend-pdftex.def 2025-10-09 L3 backend support: PDF output (pdfTeX)
\l__color_backend_stack_int=\count326
)
(report_neurips.aux
LaTeX Font Info:    Trying to load font information for T5+ptm on input line 8.


(C:\Users\admin\AppData\Roaming\MiKTeX\tex/latex/vntex\t5ptm.fd
File: t5utm.fd 2005/08/24 Fontinst v1.929 font definitions for T5/ptm.
)
Package babel Info: 'vietnamese' activates 'vietnamese' shorthands.
(babel)             Reported on input line 8.
)
\openout1 = `report_neurips.aux'.

LaTeX Font Info:    Checking defaults for OML/cmm/m/it on input line 46.
LaTeX Font Info:    ... okay on input line 46.
LaTeX Font Info:    Checking defaults for OMS/cmsy/m/n on input line 46.
LaTeX Font Info:    ... okay on input line 46.
LaTeX Font Info:    Checking defaults for OT1/cmr/m/n on input line 46.
LaTeX Font Info:    ... okay on input line 46.
LaTeX Font Info:    Checking defaults for T1/cmr/m/n on input line 46.
LaTeX Font Info:    ... okay on input line 46.
LaTeX Font Info:    Checking defaults for TS1/cmr/m/n on input line 46.
LaTeX Font Info:    ... okay on input line 46.
LaTeX Font Info:    Checking defaults for OMX/cmex/m/n on input line 46.
LaTeX Font Info:    ... okay on input line 46.
LaTeX Font Info:    Checking defaults for U/cmr/m/n on input line 46.
LaTeX Font Info:    ... okay on input line 46.
LaTeX Font Info:    Checking defaults for T5/cmr/m/n on input line 46.
LaTeX Font Info:    Trying to load font information for T5+cmr on input line 46
.

(C:\Users\admin\AppData\Roaming\MiKTeX\tex/latex/vntex\t5cmr.fd
File: t5cmr.fd 1999/05/25 v2.5h Standard LaTeX font definitions
)
LaTeX Font Info:    ... okay on input line 46.
LaTeX Font Info:    Checking defaults for PD1/pdf/m/n on input line 46.
LaTeX Font Info:    ... okay on input line 46.
LaTeX Font Info:    Checking defaults for PU/pdf/m/n on input line 46.
LaTeX Font Info:    ... okay on input line 46.

*geometry* driver: auto-detecting
*geometry* detected driver: pdftex
*geometry* verbose mode - [ preamble ] result:
* driver: pdftex
* paper: letterpaper
* layout: <same size as paper>
* layoutoffset:(h,v)=(0.0pt,0.0pt)
* modes: 
* h-part:(L,W,R)=(92.14519pt, 430.00462pt, 92.14519pt)
* v-part:(T,H,B)=(95.39737pt, 556.47656pt, 143.09605pt)
* \paperwidth=614.295pt
* \paperheight=794.96999pt
* \textwidth=430.00462pt
* \textheight=556.47656pt
* \oddsidemargin=19.8752pt
* \evensidemargin=19.8752pt
* \topmargin=-13.87262pt
* \headheight=12.0pt
* \headsep=25.0pt
* \topskip=10.0pt
* \footskip=30.0pt
* \marginparwidth=65.0pt
* \marginparsep=11.0pt
* \columnsep=10.0pt
* \skip\footins=9.0pt plus 4.0pt minus 2.0pt
* \hoffset=0.0pt
* \voffset=0.0pt
* \mag=1000
* \@twocolumnfalse
* \@twosidefalse
* \@mparswitchfalse
* \@reversemarginfalse
* (1in=72.27pt=25.4mm, 1cm=28.453pt)

*geometry* verbose mode - [ newgeometry ] result:
* driver: pdftex
* paper: letterpaper
* layout: <same size as paper>
* layoutoffset:(h,v)=(0.0pt,0.0pt)
* modes: 
* h-part:(L,W,R)=(108.405pt, 397.48499pt, 108.40501pt)
* v-part:(T,H,B)=(72.26999pt, 650.43pt, 72.27pt)
* \paperwidth=614.295pt
* \paperheight=794.96999pt
* \textwidth=397.48499pt
* \textheight=650.43pt
* \oddsidemargin=36.13501pt
* \evensidemargin=36.13501pt
* \topmargin=-37.0pt
* \headheight=12.0pt
* \headsep=25.0pt
* \topskip=10.0pt
* \footskip=30.0pt
* \marginparwidth=65.0pt
* \marginparsep=11.0pt
* \columnsep=10.0pt
* \skip\footins=9.0pt plus 4.0pt minus 2.0pt
* \hoffset=0.0pt
* \voffset=0.0pt
* \mag=1000
* \@twocolumnfalse
* \@twosidefalse
* \@mparswitchfalse
* \@reversemarginfalse
* (1in=72.27pt=25.4mm, 1cm=28.453pt)

Package hyperref Info: Link coloring ON on input line 46.
(report_neurips.out) (report_neurips.out)
\@outlinefile=\write3
\openout3 = `report_neurips.out'.

LaTeX Info: Redefining \microtypecontext on input line 46.
Package microtype Info: Applying patch `item' on input line 46.
Package microtype Info: Applying patch `toc' on input line 46.
Package microtype Info: Applying patch `eqnum' on input line 46.
Package microtype Info: Applying patch `footnote' on input line 46.
Package microtype Info: Applying patch `verbatim' on input line 46.
LaTeX Info: Redefining \microtypesetup on input line 46.
Package microtype Info: Generating PDF output.
Package microtype Info: Character protrusion enabled (level 2).
Package microtype Info: Using default protrusion set `alltext'.
Package microtype Info: Automatic font expansion enabled (level 2),
(microtype)             stretch: 20, shrink: 20, step: 1, non-selected.
Package microtype Info: Using default expansion set `alltext-nott'.
Package microtype Info: Patching command `\showhyphens'.
Package microtype Info: No adjustment of tracking.
Package microtype Info: No adjustment of interword spacing.
Package microtype Info: No adjustment of character kerning.

(C:\Users\admin\AppData\Roaming\MiKTeX\tex/latex/microtype\mt-ptm.cfg
File: mt-ptm.cfg 2006/04/20 v1.7 microtype config. file: Times (RS)
)

Package microtype Warning: I cannot find a protrusion list for font
(microtype)                `T5/ptm/m/n/10'. Switching off
(microtype)                protrusion for this font on input line 46.

(C:\Program Files\MiKTeX\tex/context/base/mkii\supp-pdf.mkii
[Loading MPS to PDF converter (version 2006.09.02).]
\scratchcounter=\count327
\scratchdimen=\dimen197
\scratchbox=\box57
\nofMPsegments=\count328
\nofMParguments=\count329
\everyMPshowfont=\toks31
\MPscratchCnt=\count330
\MPscratchDim=\dimen198
\MPnumerator=\count331
\makeMPintoPDFobject=\count332
\everyMPtoPDFconversion=\toks32
) (C:\Program Files\MiKTeX\tex/latex/epstopdf-pkg\epstopdf-base.sty
Package: epstopdf-base 2020-01-24 v2.11 Base part for package epstopdf
Package epstopdf-base Info: Redefining graphics rule for `.eps' on input line 4
85.

(C:\Program Files\MiKTeX\tex/latex/00miktex\epstopdf-sys.cfg
File: epstopdf-sys.cfg 2021/03/18 v2.0 Configuration of epstopdf for MiKTeX
))
Package caption Info: Begin \AtBeginDocument code.
Package caption Info: End \AtBeginDocument code.


Package microtype Warning: I cannot find a protrusion list for font
(microtype)                `T5/ptm/m/n/17.28'. Switching off
(microtype)                protrusion for this font on input line 48.


Package microtype Warning: I cannot find a protrusion list for font
(microtype)                `T5/ptm/b/n/17.28'. Switching off
(microtype)                protrusion for this font on input line 48.

(C:\Users\admin\AppData\Roaming\MiKTeX\tex/latex/microtype\mt-cmr.cfg
File: mt-cmr.cfg 2013/05/19 v2.2 microtype config. file: Computer Modern Roman 
(RS)
)
LaTeX Font Info:    Trying to load font information for U+msa on input line 48.


(C:\Program Files\MiKTeX\tex/latex/amsfonts\umsa.fd
File: umsa.fd 2013/01/14 v3.01 AMS symbols A
)
(C:\Users\admin\AppData\Roaming\MiKTeX\tex/latex/microtype\mt-msa.cfg
File: mt-msa.cfg 2006/02/04 v1.1 microtype config. file: AMS symbols (a) (RS)
)
LaTeX Font Info:    Trying to load font information for U+msb on input line 48.


(C:\Program Files\MiKTeX\tex/latex/amsfonts\umsb.fd
File: umsb.fd 2013/01/14 v3.01 AMS symbols B
)
(C:\Users\admin\AppData\Roaming\MiKTeX\tex/latex/microtype\mt-msb.cfg
File: mt-msb.cfg 2005/06/01 v1.0 microtype config. file: AMS symbols (b) (RS)
)

Package microtype Warning: I cannot find a protrusion list for font
(microtype)                `T5/ptm/b/n/10'. Switching off
(microtype)                protrusion for this font on input line 48.

LaTeX Font Info:    Trying to load font information for T5+cmtt on input line 4
8.
(C:\Users\admin\AppData\Roaming\MiKTeX\tex/latex/vntex\t5cmtt.fd
File: t5cmtt.fd 1999/05/25 v2.5h Standard LaTeX font definitions
)

Package microtype Warning: I cannot find a protrusion list for font
(microtype)                `T5/cmtt/m/n/10'. Switching off
(microtype)                protrusion for this font on input line 48.

Package microtype Info: Loading generic protrusion settings for font family
(microtype)             `cmtt' (encoding: TS1).
(microtype)             For optimal results, create family-specific settings.
(microtype)             See the microtype manual for details.

Overfull \hbox (8.1689pt too wide) in paragraph at lines 48--48
 [] 
 []


Package microtype Warning: I cannot find a protrusion list for font
(microtype)                `T5/ptm/m/n/9'. Switching off
(microtype)                protrusion for this font on input line 48.


Package microtype Warning: I cannot find a protrusion list for font
(microtype)                `T5/cmtt/m/n/9'. Switching off
(microtype)                protrusion for this font on input line 48.


Package microtype Warning: I cannot find a protrusion list for font
(microtype)                `T5/ptm/m/n/12'. Switching off
(microtype)                protrusion for this font on input line 50.


Package microtype Warning: I cannot find a protrusion list for font
(microtype)                `T5/ptm/b/n/12'. Switching off
(microtype)                protrusion for this font on input line 50.


Package microtype Warning: I cannot find a protrusion list for font
(microtype)                `T5/ptm/m/it/10'. Switching off
(microtype)                protrusion for this font on input line 59.


Package microtype Warning: I cannot find a protrusion list for font
(microtype)                `T5/ptm/b/it/10'. Switching off
(microtype)                protrusion for this font on input line 67.


Package microtype Warning: I cannot find a protrusion list for font
(microtype)                `T5/ptm/b/n/9'. Switching off
(microtype)                protrusion for this font on input line 79.


LaTeX Warning: `!h' float specifier changed to `!ht'.

LaTeX Info: Symbol \textrightarrow not provided by
            font family ptm in TS1 encoding.
            Default family used instead on input line 89.
LaTeX Info: Symbol \textrightarrow not provided by
            font family ptm in TS1 encoding.
            Default family used instead on input line 89.
[1


{C:/Users/admin/AppData/Local/MiKTeX/fonts/map/pdftex/pdftex.map}{C:/Users/admi
n/AppData/Roaming/MiKTeX/fonts/enc/dvips/vntex/t5.enc}]
LaTeX Font Info:    Trying to load font information for TS1+ptm on input line 9
5.

(C:\Users\admin\AppData\Roaming\MiKTeX\tex/latex/psnfss\ts1ptm.fd
File: ts1ptm.fd 2001/06/04 font definitions for TS1/ptm.
)
<figures/modelling/fig3_cogs_margin_by_quarter_parity.png, id=108, 787.743pt x 
390.258pt>
File: figures/modelling/fig3_cogs_margin_by_quarter_parity.png Graphic file (ty
pe png)
<use figures/modelling/fig3_cogs_margin_by_quarter_parity.png>
Package pdftex.def Info: figures/modelling/fig3_cogs_margin_by_quarter_parity.p
ng  used on input line 104.
(pdftex.def)             Requested size: 206.69388pt x 102.39958pt.
<figures/modelling/fig2_monthly_recovery_pattern.png, id=110, 860.013pt x 570.4
512pt>
File: figures/modelling/fig2_monthly_recovery_pattern.png Graphic file (type pn
g)
<use figures/modelling/fig2_monthly_recovery_pattern.png>
Package pdftex.def Info: figures/modelling/fig2_monthly_recovery_pattern.png  u
sed on input line 110.
(pdftex.def)             Requested size: 182.84575pt x 121.27803pt.
LaTeX Info: Symbol \textrightarrow not provided by
            font family ptm in TS1 encoding.
            Default family used instead on input line 111.
LaTeX Info: Symbol \textrightarrow not provided by
            font family ptm in TS1 encoding.
            Default family used instead on input line 111.
 [2{C:/Program Files/MiKTeX/fonts/enc/dvips/base/8r.enc} <./figures/modelling/f
ig3_cogs_margin_by_quarter_parity.png> <./figures/modelling/fig2_monthly_recove
ry_pattern.png>]

Package microtype Warning: I cannot find a protrusion list for font
(microtype)                `T5/ptm/m/it/9'. Switching off
(microtype)                protrusion for this font on input line 155.


Underfull \hbox (badness 1635) in paragraph at lines 155--156
[]\T5/ptm/m/n/9 (+20) Flag + since/until/disc cho 6 cam-paigns;
 []


Underfull \hbox (badness 10000) in paragraph at lines 156--157
[]\T5/ptm/m/n/9 (+20) tet_days_diff, tet_intensity (phi tuy¸n),
 []


Underfull \hbox (badness 10000) in paragraph at lines 157--158
[]\T5/ptm/m/n/9 (+20) days_to_eom, pay-day_intensity
 []


Underfull \hbox (badness 10000) in paragraph at lines 158--159
[]\T5/ptm/m/n/9 (+20) t_days, t_years, regime_pre2019,
 []

<figures/modelling/fig12_model_architecture.png, id=131, 1004.553pt x 498.663pt
>
File: figures/modelling/fig12_model_architecture.png Graphic file (type png)
<use figures/modelling/fig12_model_architecture.png>
Package pdftex.def Info: figures/modelling/fig12_model_architecture.png  used o
n input line 170.
(pdftex.def)             Requested size: 365.68546pt x 181.5273pt.

LaTeX Warning: `!h' float specifier changed to `!ht'.


Underfull \hbox (badness 1412) in paragraph at lines 177--178
[]\T5/ptm/b/n/10 (+20) Trĺng sč hu§n luy»n. \T5/ptm/m/n/10 (+20) Equal weight $
\OML/cmm/m/it/10 w \OT1/cmr/m/n/10 = 1[]0$ \T5/ptm/m/n/10 (+20) cho t§t cŁ cˇc 
n«m. Lock-down se-vere
 []

[3]

Package microtype Warning: I cannot find a protrusion list for font
(microtype)                `T5/ptm/m/n/7'. Switching off
(microtype)                protrusion for this font on input line 187.


Package microtype Warning: I cannot find a protrusion list for font
(microtype)                `T5/ptm/m/n/5'. Switching off
(microtype)                protrusion for this font on input line 187.

[4 <./figures/modelling/fig12_model_architecture.png>]
<figures/shap/shap_combined_report_figure.png, id=164, 1059.4782pt x 825.68475p
t>
File: figures/shap/shap_combined_report_figure.png Graphic file (type png)
<use figures/shap/shap_combined_report_figure.png>
Package pdftex.def Info: figures/shap/shap_combined_report_figure.png  used on 
input line 226.
(pdftex.def)             Requested size: 385.56091pt x 300.4716pt.
LaTeX Info: Symbol \textrightarrow not provided by
            font family ptm in TS1 encoding.
            Default family used instead on input line 234.
LaTeX Info: Symbol \textrightarrow not provided by
            font family ptm in TS1 encoding.
            Default family used instead on input line 238.

Underfull \vbox (badness 6016) has occurred while \output is active []

 [5 <./figures/shap/shap_combined_report_figure.png>] [6]
<figures/eda/Business_Model_Canvas.png, id=186, 1445.4pt x 813.0375pt>
File: figures/eda/Business_Model_Canvas.png Graphic file (type png)
<use figures/eda/Business_Model_Canvas.png>
Package pdftex.def Info: figures/eda/Business_Model_Canvas.png  used on input l
ine 275.
(pdftex.def)             Requested size: 151.04623pt x 84.95586pt.
<figures/eda/fig_timeseries_main.png, id=187, 1291.224pt x 781.11826pt>
File: figures/eda/fig_timeseries_main.png Graphic file (type png)
<use figures/eda/fig_timeseries_main.png>
Package pdftex.def Info: figures/eda/fig_timeseries_main.png  used on input lin
e 282.
(pdftex.def)             Requested size: 397.48499pt x 240.45168pt.
<figures/eda/fig_decompose.png, id=188, 1146.684pt x 852.18375pt>
File: figures/eda/fig_decompose.png Graphic file (type png)
<use figures/eda/fig_decompose.png>
Package pdftex.def Info: figures/eda/fig_decompose.png  used on input line 289.

(pdftex.def)             Requested size: 397.48499pt x 295.39505pt.


LaTeX Warning: `!h' float specifier changed to `!ht'.

<figures/eda/fig_multi_cohort_pareto.png, id=189, 1435.764pt x 569.12625pt>
File: figures/eda/fig_multi_cohort_pareto.png Graphic file (type png)
<use figures/eda/fig_multi_cohort_pareto.png>
Package pdftex.def Info: figures/eda/fig_multi_cohort_pareto.png  used on input
 line 297.
(pdftex.def)             Requested size: 194.76982pt x 77.20215pt.
<figures/eda/fig_multi_corr.png, id=190, 823.27576pt x 718.48425pt>
File: figures/eda/fig_multi_corr.png Graphic file (type png)
<use figures/eda/fig_multi_corr.png>
Package pdftex.def Info: figures/eda/fig_multi_corr.png  used on input line 303
.
(pdftex.def)             Requested size: 194.76982pt x 169.97302pt.

LaTeX Warning: `!h' float specifier changed to `!ht'.

<figures/eda/fig_discount_analysis.png, id=191, 1291.224pt x 426.99525pt>
File: figures/eda/fig_discount_analysis.png Graphic file (type png)
<use figures/eda/fig_discount_analysis.png>
Package pdftex.def Info: figures/eda/fig_discount_analysis.png  used on input l
ine 313.
(pdftex.def)             Requested size: 194.76982pt x 64.40486pt.
<figures/eda/fig_inventory_health.png, id=192, 1146.684pt x 498.06075pt>
File: figures/eda/fig_inventory_health.png Graphic file (type png)
<use figures/eda/fig_inventory_health.png>
Package pdftex.def Info: figures/eda/fig_inventory_health.png  used on input li
ne 319.
(pdftex.def)             Requested size: 194.76982pt x 84.5932pt.

LaTeX Warning: `!h' float specifier changed to `!ht'.

<figures/eda/fig_multi_return_heatmap.png, id=193, 1256.2935pt x 498.06075pt>
File: figures/eda/fig_multi_return_heatmap.png Graphic file (type png)
<use figures/eda/fig_multi_return_heatmap.png>
Package pdftex.def Info: figures/eda/fig_multi_return_heatmap.png  used on inpu
t line 329.
(pdftex.def)             Requested size: 194.76982pt x 77.2138pt.
<figures/eda/fig_multi_bubble.png, id=194, 1291.224pt x 569.12625pt>
File: figures/eda/fig_multi_bubble.png Graphic file (type png)
<use figures/eda/fig_multi_bubble.png>
Package pdftex.def Info: figures/eda/fig_multi_bubble.png  used on input line 3
35.
(pdftex.def)             Requested size: 194.76982pt x 85.84288pt.

LaTeX Warning: `!h' float specifier changed to `!ht'.

<figures/eda/fig_multi_stacked.png, id=195, 1291.224pt x 568.524pt>
File: figures/eda/fig_multi_stacked.png Graphic file (type png)
<use figures/eda/fig_multi_stacked.png>
Package pdftex.def Info: figures/eda/fig_multi_stacked.png  used on input line 
345.
(pdftex.def)             Requested size: 194.76982pt x 85.75204pt.
<figures/eda/fig_clv_gap.png, id=196, 1146.684pt x 426.99525pt>
File: figures/eda/fig_clv_gap.png Graphic file (type png)
<use figures/eda/fig_clv_gap.png>
Package pdftex.def Info: figures/eda/fig_clv_gap.png  used on input line 351.
(pdftex.def)             Requested size: 194.76982pt x 72.52307pt.

LaTeX Warning: `!h' float specifier changed to `!ht'.

<figures/eda/fig_uni_categorical.png, id=197, 1284.59924pt x 781.11826pt>
File: figures/eda/fig_uni_categorical.png Graphic file (type png)
<use figures/eda/fig_uni_categorical.png>
Package pdftex.def Info: figures/eda/fig_uni_categorical.png  used on input lin
e 361.
(pdftex.def)             Requested size: 194.76982pt x 118.42609pt.
<figures/eda/fig_uni_continuous.png, id=198, 1291.224pt x 709.4505pt>
File: figures/eda/fig_uni_continuous.png Graphic file (type png)
<use figures/eda/fig_uni_continuous.png>
Package pdftex.def Info: figures/eda/fig_uni_continuous.png  used on input line
 367.
(pdftex.def)             Requested size: 194.76982pt x 107.00838pt.

LaTeX Warning: `!h' float specifier changed to `!ht'.

<figures/eda/fig_uni_margin.png, id=199, 1074.414pt x 426.99525pt>
File: figures/eda/fig_uni_margin.png Graphic file (type png)
<use figures/eda/fig_uni_margin.png>
Package pdftex.def Info: figures/eda/fig_uni_margin.png  used on input line 377
.
(pdftex.def)             Requested size: 194.76982pt x 77.40312pt.
<figures/eda/fig_bi_catnum.png, id=200, 1249.0665pt x 972.63374pt>
File: figures/eda/fig_bi_catnum.png Graphic file (type png)
<use figures/eda/fig_bi_catnum.png>
Package pdftex.def Info: figures/eda/fig_bi_catnum.png  used on input line 383.

(pdftex.def)             Requested size: 194.76982pt x 151.66197pt.

LaTeX Warning: `!h' float specifier changed to `!ht'.

<figures/modelling/fig1_annual_revenue_trajectory.png, id=201, 860.013pt x 570.
4512pt>
File: figures/modelling/fig1_annual_revenue_trajectory.png Graphic file (type p
ng)
<use figures/modelling/fig1_annual_revenue_trajectory.png>
Package pdftex.def Info: figures/modelling/fig1_annual_revenue_trajectory.png  
used on input line 396.
(pdftex.def)             Requested size: 397.48499pt x 263.65546pt.

LaTeX Warning: `!h' float specifier changed to `!ht'.

<figures/modelling/fig4_cr_derivation_chain.png, id=202, 932.283pt x 462.0462pt
>
File: figures/modelling/fig4_cr_derivation_chain.png Graphic file (type png)
<use figures/modelling/fig4_cr_derivation_chain.png>
Package pdftex.def Info: figures/modelling/fig4_cr_derivation_chain.png  used o
n input line 419.
(pdftex.def)             Requested size: 194.76982pt x 96.52493pt.
<figures/modelling/fig5_folda_vs_lb_decoupling.png, id=203, 932.283pt x 462.528
pt>
File: figures/modelling/fig5_folda_vs_lb_decoupling.png Graphic file (type png)

<use figures/modelling/fig5_folda_vs_lb_decoupling.png>
Package pdftex.def Info: figures/modelling/fig5_folda_vs_lb_decoupling.png  use
d on input line 425.
(pdftex.def)             Requested size: 194.76982pt x 96.6256pt.

LaTeX Warning: `!h' float specifier changed to `!ht'.

<figures/modelling/fig7_leaderboard_progression.png, id=204, 1004.553pt x 426.3
93pt>
File: figures/modelling/fig7_leaderboard_progression.png Graphic file (type png
)
<use figures/modelling/fig7_leaderboard_progression.png>
Package pdftex.def Info: figures/modelling/fig7_leaderboard_progression.png  us
ed on input line 435.
(pdftex.def)             Requested size: 194.76982pt x 82.66809pt.
<figures/modelling/fig8_seed_variance_reduction.png, id=205, 932.283pt x 390.25
8pt>
File: figures/modelling/fig8_seed_variance_reduction.png Graphic file (type png
)
<use figures/modelling/fig8_seed_variance_reduction.png>
Package pdftex.def Info: figures/modelling/fig8_seed_variance_reduction.png  us
ed on input line 441.
(pdftex.def)             Requested size: 194.76982pt x 81.52785pt.

LaTeX Warning: `!h' float specifier changed to `!ht'.

<figures/modelling/fig9_promo_schedule.png, id=206, 935.1738pt x 354.123pt>
File: figures/modelling/fig9_promo_schedule.png Graphic file (type png)
<use figures/modelling/fig9_promo_schedule.png>
Package pdftex.def Info: figures/modelling/fig9_promo_schedule.png  used on inp
ut line 451.
(pdftex.def)             Requested size: 194.76982pt x 73.75201pt.
<figures/modelling/fig10_component_analysis.png, id=207, 929.3922pt x 390.258pt
>
File: figures/modelling/fig10_component_analysis.png Graphic file (type png)
<use figures/modelling/fig10_component_analysis.png>
Package pdftex.def Info: figures/modelling/fig10_component_analysis.png  used o
n input line 457.
(pdftex.def)             Requested size: 194.76982pt x 81.7839pt.

LaTeX Warning: `!h' float specifier changed to `!ht'.

<figures/modelling/fig11_era_weighting_experiment.png, id=208, 933.7284pt x 389
.7762pt>
File: figures/modelling/fig11_era_weighting_experiment.png Graphic file (type p
ng)
<use figures/modelling/fig11_era_weighting_experiment.png>
Package pdftex.def Info: figures/modelling/fig11_era_weighting_experiment.png  
used on input line 467.
(pdftex.def)             Requested size: 194.76982pt x 81.30229pt.
<figures/modelling/fig13_fold_cr_consistency.png, id=209, 860.013pt x 390.258pt
>
File: figures/modelling/fig13_fold_cr_consistency.png Graphic file (type png)
<use figures/modelling/fig13_fold_cr_consistency.png>
Package pdftex.def Info: figures/modelling/fig13_fold_cr_consistency.png  used 
on input line 473.
(pdftex.def)             Requested size: 194.76982pt x 88.38187pt.

LaTeX Warning: `!h' float specifier changed to `!ht'.

<figures/modelling/fig6_folda_mae_progression.png, id=210, 932.283pt x 390.258p
t>
File: figures/modelling/fig6_folda_mae_progression.png Graphic file (type png)
<use figures/modelling/fig6_folda_mae_progression.png>
Package pdftex.def Info: figures/modelling/fig6_folda_mae_progression.png  used
 on input line 482.
(pdftex.def)             Requested size: 317.9892pt x 133.1147pt.

LaTeX Warning: `!h' float specifier changed to `!ht'.

<figures/shap/shap_summary_beeswarm.png, id=211, 750.1626pt x 570.4512pt>
File: figures/shap/shap_summary_beeswarm.png Graphic file (type png)
<use figures/shap/shap_summary_beeswarm.png>
Package pdftex.def Info: figures/shap/shap_summary_beeswarm.png  used on input 
line 493.
(pdftex.def)             Requested size: 397.48499pt x 302.25935pt.
LaTeX Info: Symbol \textrightarrow not provided by
            font family ptm in TS1 encoding.
            Default family used instead on input line 494.
LaTeX Info: Symbol \textrightarrow not provided by
            font family ptm in TS1 encoding.
            Default family used instead on input line 494.
LaTeX Info: Symbol \textrightarrow not provided by
            font family ptm in TS1 encoding.
            Default family used instead on input line 494.
LaTeX Info: Symbol \textrightarrow not provided by
            font family ptm in TS1 encoding.
            Default family used instead on input line 494.
LaTeX Info: Symbol \textrightarrow not provided by
            font family ptm in TS1 encoding.
            Default family used instead on input line 494.
LaTeX Info: Symbol \textrightarrow not provided by
            font family ptm in TS1 encoding.
            Default family used instead on input line 494.
LaTeX Info: Symbol \textrightarrow not provided by
            font family ptm in TS1 encoding.
            Default family used instead on input line 494.
LaTeX Info: Symbol \textrightarrow not provided by
            font family ptm in TS1 encoding.
            Default family used instead on input line 494.

LaTeX Warning: `!h' float specifier changed to `!ht'.

<figures/shap/shap_seasonal_decomp.png, id=212, 1005.9984pt x 1306.6416pt>
File: figures/shap/shap_seasonal_decomp.png Graphic file (type png)
<use figures/shap/shap_seasonal_decomp.png>
Package pdftex.def Info: figures/shap/shap_seasonal_decomp.png  used on input l
ine 500.
(pdftex.def)             Requested size: 397.48499pt x 516.28725pt.

LaTeX Warning: `!h' float specifier changed to `!ht'.

<figures/shap/shap_dependence_tet.png, id=213, 919.7562pt x 356.532pt>
File: figures/shap/shap_dependence_tet.png Graphic file (type png)
<use figures/shap/shap_dependence_tet.png>
Package pdftex.def Info: figures/shap/shap_dependence_tet.png  used on input li
ne 508.
(pdftex.def)             Requested size: 194.76982pt x 75.49954pt.
<figures/shap/shap_dependence_eom_payday.png, id=214, 931.8012pt x 356.532pt>
File: figures/shap/shap_dependence_eom_payday.png Graphic file (type png)
<use figures/shap/shap_dependence_eom_payday.png>
Package pdftex.def Info: figures/shap/shap_dependence_eom_payday.png  used on i
nput line 514.
(pdftex.def)             Requested size: 194.76982pt x 74.52031pt.

LaTeX Warning: `!h' float specifier changed to `!ht'.

<figures/shap/shap_regime_comparison.png, id=215, 931.8012pt x 640.3122pt>
File: figures/shap/shap_regime_comparison.png Graphic file (type png)
<use figures/shap/shap_regime_comparison.png>
Package pdftex.def Info: figures/shap/shap_regime_comparison.png  used on input
 line 523.
(pdftex.def)             Requested size: 357.73405pt x 245.82237pt.

LaTeX Warning: `!h' float specifier changed to `!ht'.

<figures/shap/shap_waterfall_3days.png, id=216, 1292.6694pt x 427.8384pt>
File: figures/shap/shap_waterfall_3days.png Graphic file (type png)
<use figures/shap/shap_waterfall_3days.png>
Package pdftex.def Info: figures/shap/shap_waterfall_3days.png  used on input l
ine 531.
(pdftex.def)             Requested size: 194.76982pt x 64.46022pt.
<figures/shap/shap_margin_analysis.png, id=217, 1003.5894pt x 428.3202pt>
File: figures/shap/shap_margin_analysis.png Graphic file (type png)
<use figures/shap/shap_margin_analysis.png>
Package pdftex.def Info: figures/shap/shap_margin_analysis.png  used on input l
ine 537.
(pdftex.def)             Requested size: 194.76982pt x 83.12015pt.

LaTeX Warning: `!h' float specifier changed to `!ht'.

<figures/shap/shap_cogs_vs_rev_comparison.png, id=218, 859.5312pt x 424.9476pt>

File: figures/shap/shap_cogs_vs_rev_comparison.png Graphic file (type png)
<use figures/shap/shap_cogs_vs_rev_comparison.png>
Package pdftex.def Info: figures/shap/shap_cogs_vs_rev_comparison.png  used on 
input line 546.
(pdftex.def)             Requested size: 397.48499pt x 196.51573pt.

LaTeX Warning: `!h' float specifier changed to `!ht'.

<figures/shap/shap_category_bar.png, id=219, 986.2446pt x 440.847pt>
File: figures/shap/shap_category_bar.png Graphic file (type png)
<use figures/shap/shap_category_bar.png>
Package pdftex.def Info: figures/shap/shap_category_bar.png  used on input line
 553.
(pdftex.def)             Requested size: 337.86465pt x 151.02281pt.

LaTeX Warning: `!h' float specifier changed to `!ht'.

<figures/eda/1.png, id=220, 775.698pt x 91.542pt>
File: figures/eda/1.png Graphic file (type png)
<use figures/eda/1.png>
Package pdftex.def Info: figures/eda/1.png  used on input line 564.
(pdftex.def)             Requested size: 397.48499pt x 46.9079pt.

LaTeX Warning: `!h' float specifier changed to `!ht'.

[7 <./figures/eda/Business_Model_Canvas.png (PNG copy)> <./figures/eda/fig_time
series_main.png>]
Underfull \vbox (badness 1142) has occurred while \output is active []

 [8 <./figures/eda/fig_decompose.png> <./figures/eda/fig_multi_cohort_pareto.pn
g> <./figures/eda/fig_multi_corr.png>] [9 <./figures/eda/fig_discount_analysis.
png> <./figures/eda/fig_inventory_health.png> <./figures/eda/fig_multi_return_h
eatmap.png> <./figures/eda/fig_multi_bubble.png> <./figures/eda/fig_multi_stack
ed.png> <./figures/eda/fig_clv_gap.png> <./figures/eda/fig_uni_categorical.png>
 <./figures/eda/fig_uni_continuous.png>]

LaTeX Warning: Text page 10 contains only floats.

[10 <./figures/eda/fig_uni_margin.png> <./figures/eda/fig_bi_catnum.png> <./fig
ures/modelling/fig1_annual_revenue_trajectory.png> <./figures/modelling/fig4_cr
_derivation_chain.png> <./figures/modelling/fig5_folda_vs_lb_decoupling.png>]
[11 <./figures/modelling/fig7_leaderboard_progression.png> <./figures/modelling
/fig8_seed_variance_reduction.png> <./figures/modelling/fig9_promo_schedule.png
> <./figures/modelling/fig10_component_analysis.png> <./figures/modelling/fig11
_era_weighting_experiment.png> <./figures/modelling/fig13_fold_cr_consistency.p
ng> <./figures/modelling/fig6_folda_mae_progression.png>] [12 <./figures/shap/s
hap_summary_beeswarm.png>] [13 <./figures/shap/shap_seasonal_decomp.png>]
[14 <./figures/shap/shap_dependence_tet.png> <./figures/shap/shap_dependence_eo
m_payday.png> <./figures/shap/shap_regime_comparison.png> <./figures/shap/shap_
waterfall_3days.png> <./figures/shap/shap_margin_analysis.png>] [15 <./figures/
shap/shap_cogs_vs_rev_comparison.png> <./figures/shap/shap_category_bar.png> <.
/figures/eda/1.png>] (report_neurips.aux)
 ***********
LaTeX2e <2025-11-01>
L3 programming layer <2025-12-24>
 ***********
Package rerunfilecheck Info: File `report_neurips.out' has not changed.
(rerunfilecheck)             Checksum: 4130910246C9DB2A193ADE8E35FA8717;4559.
 ) 
Here is how much of TeX's memory you used:
 17254 strings out of 467871
 284412 string characters out of 5428444
 760154 words of memory out of 5000000
 45582 multiletter control sequences out of 15000+600000
 689345 words of font info for 212 fonts, out of 8000000 for 9000
 1141 hyphenation exceptions out of 8191
 75i,11n,79p,1013b,623s stack positions out of 10000i,1000n,20000p,200000b,200000s
 <C:\Users\admin\AppData\Local\MiKTeX\fonts/pk/ljfour/jknappen/ec/dpi600\tcrm
0900.pk> <C:\Users\admin\AppData\Local\MiKTeX\fonts/pk/ljfour/jknappen/ec/dpi60
0\tcrm1000.pk> <C:\Users\admin\AppData\Local\MiKTeX\fonts/pk/ljfour/jknappen/ec
/dpi600\tctt1000.pk><C:/Program Files/MiKTeX/fonts/type1/public/amsfonts/cm/cmb
x10.pfb><C:/Program Files/MiKTeX/fonts/type1/public/amsfonts/cm/cmex10.pfb><C:/
Program Files/MiKTeX/fonts/type1/public/amsfonts/cm/cmmi10.pfb><C:/Program File
s/MiKTeX/fonts/type1/public/amsfonts/cm/cmmi5.pfb><C:/Program Files/MiKTeX/font
s/type1/public/amsfonts/cm/cmmi7.pfb><C:/Program Files/MiKTeX/fonts/type1/publi
c/amsfonts/cm/cmmi9.pfb><C:/Program Files/MiKTeX/fonts/type1/public/amsfonts/cm
/cmr10.pfb><C:/Program Files/MiKTeX/fonts/type1/public/amsfonts/cm/cmr5.pfb><C:
/Program Files/MiKTeX/fonts/type1/public/amsfonts/cm/cmr7.pfb><C:/Program Files
/MiKTeX/fonts/type1/public/amsfonts/cm/cmr9.pfb><C:/Program Files/MiKTeX/fonts/
type1/public/amsfonts/cm/cmsy10.pfb><C:/Program Files/MiKTeX/fonts/type1/public
/amsfonts/cm/cmsy6.pfb><C:/Program Files/MiKTeX/fonts/type1/public/amsfonts/cm/
cmsy7.pfb><C:/Program Files/MiKTeX/fonts/type1/public/amsfonts/cm/cmsy9.pfb><C:
/Program Files/MiKTeX/fonts/type1/urw/times/utmb8a.pfb><C:/Users/admin/AppData/
Roaming/MiKTeX/fonts/type1/vntex/urwvn/utmb8v.pfb><C:/Users/admin/AppData/Roami
ng/MiKTeX/fonts/type1/vntex/urwvn/utmbi8v.pfb><C:/Program Files/MiKTeX/fonts/ty
pe1/urw/times/utmr8a.pfb><C:/Users/admin/AppData/Roaming/MiKTeX/fonts/type1/vnt
ex/urwvn/utmr8v.pfb><C:/Users/admin/AppData/Roaming/MiKTeX/fonts/type1/vntex/ur
wvn/utmri8v.pfb><C:/Users/admin/AppData/Roaming/MiKTeX/fonts/type1/vntex/vnr/vn
tt10.pfb><C:/Users/admin/AppData/Roaming/MiKTeX/fonts/type1/vntex/vnr/vntt9.pfb
>
Output written on report_neurips.pdf (15 pages, 6707707 bytes).
PDF statistics:
 429 PDF objects out of 1000 (max. 8388607)
 77 named destinations out of 1000 (max. 500000)
 48980 words of extra memory for PDF output out of 51595 (max. 10000000)

