This is pdfTeX, Version 3.141592653-2.6-1.40.28 (MiKTeX 25.12) (preloaded format=pdflatex 2026.5.1)  1 MAY 2026 23:43
entering extended mode
 restricted \write18 enabled.
 %&-line parsing enabled.
**./report_neurips.tex
(report_neurips.tex
LaTeX2e <2023-11-01> patch level 1
L3 programming layer <2024-01-04>
(C:\Users\alberttran\AppData\Local\Programs\MiKTeX\tex/latex/base\article.cls
Document Class: article 2023/05/17 v1.4n Standard LaTeX document class
(C:\Users\alberttran\AppData\Local\Programs\MiKTeX\tex/latex/base\size10.clo
File: size10.clo 2023/05/17 v1.4n Standard LaTeX file (size option)
)
\c@part=\count187
\c@section=\count188
\c@subsection=\count189
\c@subsubsection=\count190
\c@paragraph=\count191
\c@subparagraph=\count192
\c@figure=\count193
\c@table=\count194
\abovecaptionskip=\skip48
\belowcaptionskip=\skip49
\bibindent=\dimen140
)
(neurips_2025.sty
Package: neurips_2025 2025/05/01 NeurIPS 2025 submission/camera-ready style fil
e

(C:\Users\alberttran\AppData\Local\Programs\MiKTeX\tex/latex/environ\environ.st
y
Package: environ 2014/05/04 v0.3 A new way to define environments

(C:\Users\alberttran\AppData\Local\Programs\MiKTeX\tex/latex/trimspaces\trimspa
ces.sty
Package: trimspaces 2009/09/17 v1.1 Trim spaces around a token list
)
\@envbody=\toks17
)
(C:\Users\alberttran\AppData\Local\Programs\MiKTeX\tex/latex/natbib\natbib.sty
Package: natbib 2010/09/13 8.31b (PWD, AO)
\bibhang=\skip50
\bibsep=\skip51
LaTeX Info: Redefining \cite on input line 694.
\c@NAT@ctr=\count195
)
(C:\Users\alberttran\AppData\Local\Programs\MiKTeX\tex/latex/geometry\geometry.
sty
Package: geometry 2026/03/07 v6.0 Page Geometry

(C:\Users\alberttran\AppData\Local\Programs\MiKTeX\tex/latex/graphics\keyval.st
y
Package: keyval 2022/05/29 v1.15 key=value parser (DPC)
\KV@toks@=\toks18
)
(C:\Users\alberttran\AppData\Local\Programs\MiKTeX\tex/generic/iftex\ifvtex.sty
Package: ifvtex 2019/10/25 v1.7 ifvtex legacy package. Use iftex instead.
(C:\Users\alberttran\AppData\Local\Programs\MiKTeX\tex/generic/iftex\iftex.sty
Package: iftex 2022/02/03 v1.0f TeX engine tests
))
\Gm@cnth=\count196
\Gm@cntv=\count197
\c@Gm@tempcnt=\count198
\Gm@bindingoffset=\dimen141
\Gm@wd@mp=\dimen142
\Gm@odd@mp=\dimen143
\Gm@even@mp=\dimen144
\Gm@layoutwidth=\dimen145
\Gm@layoutheight=\dimen146
\Gm@layouthoffset=\dimen147
\Gm@layoutvoffset=\dimen148
\Gm@dimlist=\toks19

(C:\Users\alberttran\AppData\Local\Programs\MiKTeX\tex/latex/geometry\geometry.
cfg))
\@neuripsabovecaptionskip=\skip52
\@neuripsbelowcaptionskip=\skip53
)
(C:\Users\alberttran\AppData\Local\Programs\MiKTeX\tex/latex/base\inputenc.sty
Package: inputenc 2021/02/14 v1.3d Input encoding file
\inpenc@prehook=\toks20
\inpenc@posthook=\toks21
) (C:\Users\alberttran\AppData\Local\Programs\MiKTeX\tex/latex/base\fontenc.sty
Package: fontenc 2021/04/29 v2.0v Standard LaTeX package
LaTeX Font Info:    Trying to load font information for T1+ptm on input line 11
2.

(C:\Users\alberttran\AppData\Local\Programs\MiKTeX\tex/latex/psnfss\t1ptm.fd
File: t1ptm.fd 2001/06/04 font definitions for T1/ptm.
))
(C:\Users\alberttran\AppData\Local\Programs\MiKTeX\tex/generic/babel\babel.sty
Package: babel 2024/01/07 v24.1 The Babel package
\babel@savecnt=\count199
\U@D=\dimen149
\l@unhyphenated=\language79

(C:\Users\alberttran\AppData\Local\Programs\MiKTeX\tex/generic/babel\txtbabel.d
ef)
\bbl@readstream=\read2
\bbl@dirlevel=\count266

*************************************
* Local config file bblopts.cfg used
*
(C:\Users\alberttran\AppData\Local\Programs\MiKTeX\tex/latex/arabi\bblopts.cfg
File: bblopts.cfg 2005/09/08 v0.1 add Arabic and Farsi to "declared" options of
 babel
)
(C:\Users\alberttran\AppData\Local\Programs\MiKTeX\tex/latex/babel-vietnamese\v
ietnamese.ldf
Language: vietnamese 


Package babel Warning: No hyphenation patterns were preloaded for
(babel)                the language 'Vietnamese' into the format.
(babel)                Please, configure your TeX system to add them and
(babel)                rebuild the format. Now I will use the patterns
(babel)                preloaded for \language=0 instead on input line 36.

Package babel Info: Hyphen rules for 'vietnamese' set to \l@english
(babel)             (\language0). Reported on input line 37.
Package babel Info: Hyphen rules for 'vietnam' set to \l@english
(babel)             (\language0). Reported on input line 38.
Loading definitions for the Vietnamese font encoding
(C:\Users\alberttran\AppData\Local\Programs\MiKTeX\tex/latex/vntex\t5enc.def
File: t5enc.def 2006/11/21 v1.4 Vietnamese T5 encoding
Now handling font encoding T5 ...
... processing UTF-8 mapping file for font encoding T5

(C:\Users\alberttran\AppData\Local\Programs\MiKTeX\tex/latex/vntex\t5enc.dfu
File: t5enc.dfu 2006/08/19 v1.1 UTF8 support for Vietnamese
   defining Unicode char U+00AB (decimal 171)
   defining Unicode char U+00BB (decimal 187)
   defining Unicode char U+00C0 (decimal 192)
   defining Unicode char U+00C1 (decimal 193)
   defining Unicode char U+00C2 (decimal 194)
   defining Unicode char U+00C3 (decimal 195)
   defining Unicode char U+00C8 (decimal 200)
   defining Unicode char U+00C9 (decimal 201)
   defining Unicode char U+00CA (decimal 202)
   defining Unicode char U+00CC (decimal 204)
   defining Unicode char U+00CD (decimal 205)
   defining Unicode char U+00D2 (decimal 210)
   defining Unicode char U+00D3 (decimal 211)
   defining Unicode char U+00D4 (decimal 212)
   defining Unicode char U+00D5 (decimal 213)
   defining Unicode char U+00D9 (decimal 217)
   defining Unicode char U+00DA (decimal 218)
   defining Unicode char U+00DD (decimal 221)
   defining Unicode char U+00E0 (decimal 224)
   defining Unicode char U+00E1 (decimal 225)
   defining Unicode char U+00E2 (decimal 226)
   defining Unicode char U+00E3 (decimal 227)
   defining Unicode char U+00E8 (decimal 232)
   defining Unicode char U+00E9 (decimal 233)
   defining Unicode char U+00EA (decimal 234)
   defining Unicode char U+00EC (decimal 236)
   defining Unicode char U+00ED (decimal 237)
   defining Unicode char U+00F2 (decimal 242)
   defining Unicode char U+00F3 (decimal 243)
   defining Unicode char U+00F4 (decimal 244)
   defining Unicode char U+00F5 (decimal 245)
   defining Unicode char U+00F9 (decimal 249)
   defining Unicode char U+00FA (decimal 250)
   defining Unicode char U+00FD (decimal 253)
   defining Unicode char U+0102 (decimal 258)
   defining Unicode char U+0103 (decimal 259)
   defining Unicode char U+0110 (decimal 272)
   defining Unicode char U+0111 (decimal 273)
   defining Unicode char U+0128 (decimal 296)
   defining Unicode char U+0129 (decimal 297)
   defining Unicode char U+0131 (decimal 305)
   defining Unicode char U+0168 (decimal 360)
   defining Unicode char U+0169 (decimal 361)
   defining Unicode char U+01A0 (decimal 416)
   defining Unicode char U+01A1 (decimal 417)
   defining Unicode char U+01AF (decimal 431)
   defining Unicode char U+01B0 (decimal 432)
   defining Unicode char U+1EA0 (decimal 7840)
   defining Unicode char U+1EA1 (decimal 7841)
   defining Unicode char U+1EA2 (decimal 7842)
   defining Unicode char U+1EA3 (decimal 7843)
   defining Unicode char U+1EA4 (decimal 7844)
   defining Unicode char U+1EA5 (decimal 7845)
   defining Unicode char U+1EA6 (decimal 7846)
   defining Unicode char U+1EA7 (decimal 7847)
   defining Unicode char U+1EA8 (decimal 7848)
   defining Unicode char U+1EA9 (decimal 7849)
   defining Unicode char U+1EAA (decimal 7850)
   defining Unicode char U+1EAB (decimal 7851)
   defining Unicode char U+1EAC (decimal 7852)
   defining Unicode char U+1EAD (decimal 7853)
   defining Unicode char U+1EAE (decimal 7854)
   defining Unicode char U+1EAF (decimal 7855)
   defining Unicode char U+1EB0 (decimal 7856)
   defining Unicode char U+1EB1 (decimal 7857)
   defining Unicode char U+1EB2 (decimal 7858)
   defining Unicode char U+1EB3 (decimal 7859)
   defining Unicode char U+1EB4 (decimal 7860)
   defining Unicode char U+1EB5 (decimal 7861)
   defining Unicode char U+1EB6 (decimal 7862)
   defining Unicode char U+1EB7 (decimal 7863)
   defining Unicode char U+1EB8 (decimal 7864)
   defining Unicode char U+1EB9 (decimal 7865)
   defining Unicode char U+1EBA (decimal 7866)
   defining Unicode char U+1EBB (decimal 7867)
   defining Unicode char U+1EBC (decimal 7868)
   defining Unicode char U+1EBD (decimal 7869)
   defining Unicode char U+1EBE (decimal 7870)
   defining Unicode char U+1EBF (decimal 7871)
   defining Unicode char U+1EC0 (decimal 7872)
   defining Unicode char U+1EC1 (decimal 7873)
   defining Unicode char U+1EC2 (decimal 7874)
   defining Unicode char U+1EC3 (decimal 7875)
   defining Unicode char U+1EC4 (decimal 7876)
   defining Unicode char U+1EC5 (decimal 7877)
   defining Unicode char U+1EC6 (decimal 7878)
   defining Unicode char U+1EC7 (decimal 7879)
   defining Unicode char U+1EC8 (decimal 7880)
   defining Unicode char U+1EC9 (decimal 7881)
   defining Unicode char U+1ECA (decimal 7882)
   defining Unicode char U+1ECB (decimal 7883)
   defining Unicode char U+1ECC (decimal 7884)
   defining Unicode char U+1ECD (decimal 7885)
   defining Unicode char U+1ECE (decimal 7886)
   defining Unicode char U+1ECF (decimal 7887)
   defining Unicode char U+1ED0 (decimal 7888)
   defining Unicode char U+1ED1 (decimal 7889)
   defining Unicode char U+1ED2 (decimal 7890)
   defining Unicode char U+1ED3 (decimal 7891)
   defining Unicode char U+1ED4 (decimal 7892)
   defining Unicode char U+1ED5 (decimal 7893)
   defining Unicode char U+1ED6 (decimal 7894)
   defining Unicode char U+1ED7 (decimal 7895)
   defining Unicode char U+1ED8 (decimal 7896)
   defining Unicode char U+1ED9 (decimal 7897)
   defining Unicode char U+1EDA (decimal 7898)
   defining Unicode char U+1EDB (decimal 7899)
   defining Unicode char U+1EDC (decimal 7900)
   defining Unicode char U+1EDD (decimal 7901)
   defining Unicode char U+1EDE (decimal 7902)
   defining Unicode char U+1EDF (decimal 7903)
   defining Unicode char U+1EE0 (decimal 7904)
   defining Unicode char U+1EE1 (decimal 7905)
   defining Unicode char U+1EE2 (decimal 7906)
   defining Unicode char U+1EE3 (decimal 7907)
   defining Unicode char U+1EE4 (decimal 7908)
   defining Unicode char U+1EE5 (decimal 7909)
   defining Unicode char U+1EE6 (decimal 7910)
   defining Unicode char U+1EE7 (decimal 7911)
   defining Unicode char U+1EE8 (decimal 7912)
   defining Unicode char U+1EE9 (decimal 7913)
   defining Unicode char U+1EEA (decimal 7914)
   defining Unicode char U+1EEB (decimal 7915)
   defining Unicode char U+1EEC (decimal 7916)
   defining Unicode char U+1EED (decimal 7917)
   defining Unicode char U+1EEE (decimal 7918)
   defining Unicode char U+1EEF (decimal 7919)
   defining Unicode char U+1EF0 (decimal 7920)
   defining Unicode char U+1EF1 (decimal 7921)
   defining Unicode char U+1EF2 (decimal 7922)
   defining Unicode char U+1EF3 (decimal 7923)
   defining Unicode char U+1EF4 (decimal 7924)
   defining Unicode char U+1EF5 (decimal 7925)
   defining Unicode char U+1EF6 (decimal 7926)
   defining Unicode char U+1EF7 (decimal 7927)
   defining Unicode char U+1EF8 (decimal 7928)
   defining Unicode char U+1EF9 (decimal 7929)
   defining Unicode char U+200C (decimal 8204)
   defining Unicode char U+2013 (decimal 8211)
   defining Unicode char U+2014 (decimal 8212)
   defining Unicode char U+2018 (decimal 8216)
   defining Unicode char U+2019 (decimal 8217)
   defining Unicode char U+201A (decimal 8218)
   defining Unicode char U+201C (decimal 8220)
   defining Unicode char U+201D (decimal 8221)
   defining Unicode char U+201E (decimal 8222)
   defining Unicode char U+2030 (decimal 8240)
   defining Unicode char U+2031 (decimal 8241)
   defining Unicode char U+2039 (decimal 8249)
   defining Unicode char U+203A (decimal 8250)
   defining Unicode char U+2423 (decimal 9251)
))
Package babel Info: Making " an active character on input line 147.
))
(C:\Users\alberttran\AppData\Local\Programs\MiKTeX\tex/generic/babel/locale/vi\
babel-vietnamese.tex
Package babel Info: Importing font and identification data for vietnamese
(babel)             from babel-vi.ini. Reported on input line 11.
)
(C:\Users\alberttran\AppData\Local\Programs\MiKTeX\tex/latex/hyperref\hyperref.
sty
Package: hyperref 2023-11-26 v7.01g Hypertext links for LaTeX

(C:\Users\alberttran\AppData\Local\Programs\MiKTeX\tex/generic/infwarerr\infwar
err.sty
Package: infwarerr 2019/12/03 v1.5 Providing info/warning/error messages (HO)
)
(C:\Users\alberttran\AppData\Local\Programs\MiKTeX\tex/latex/kvsetkeys\kvsetkey
s.sty
Package: kvsetkeys 2022-10-05 v1.19 Key value parser (HO)
)
(C:\Users\alberttran\AppData\Local\Programs\MiKTeX\tex/generic/kvdefinekeys\kvd
efinekeys.sty
Package: kvdefinekeys 2019-12-19 v1.6 Define keys (HO)
)
(C:\Users\alberttran\AppData\Local\Programs\MiKTeX\tex/generic/pdfescape\pdfesc
ape.sty
Package: pdfescape 2019/12/09 v1.15 Implements pdfTeX's escape features (HO)

(C:\Users\alberttran\AppData\Local\Programs\MiKTeX\tex/generic/ltxcmds\ltxcmds.
sty
Package: ltxcmds 2023-12-04 v1.26 LaTeX kernel commands for general use (HO)
)
(C:\Users\alberttran\AppData\Local\Programs\MiKTeX\tex/generic/pdftexcmds\pdfte
xcmds.sty
Package: pdftexcmds 2020-06-27 v0.33 Utility functions of pdfTeX for LuaTeX (HO
)
Package pdftexcmds Info: \pdf@primitive is available.
Package pdftexcmds Info: \pdf@ifprimitive is available.
Package pdftexcmds Info: \pdfdraftmode found.
))
(C:\Users\alberttran\AppData\Local\Programs\MiKTeX\tex/latex/hycolor\hycolor.st
y
Package: hycolor 2020-01-27 v1.10 Color options for hyperref/bookmark (HO)
)
(C:\Users\alberttran\AppData\Local\Programs\MiKTeX\tex/latex/letltxmacro\letltx
macro.sty
Package: letltxmacro 2019/12/03 v1.6 Let assignment for LaTeX macros (HO)
)
(C:\Users\alberttran\AppData\Local\Programs\MiKTeX\tex/latex/auxhook\auxhook.st
y
Package: auxhook 2019-12-17 v1.6 Hooks for auxiliary files (HO)
)
(C:\Users\alberttran\AppData\Local\Programs\MiKTeX\tex/latex/hyperref\nameref.s
ty
Package: nameref 2023-11-26 v2.56 Cross-referencing by name of section

(C:\Users\alberttran\AppData\Local\Programs\MiKTeX\tex/latex/refcount\refcount.
sty
Package: refcount 2019/12/15 v3.6 Data extraction from label references (HO)
)
(C:\Users\alberttran\AppData\Local\Programs\MiKTeX\tex/generic/gettitlestring\g
ettitlestring.sty
Package: gettitlestring 2019/12/15 v1.6 Cleanup title references (HO)

(C:\Users\alberttran\AppData\Local\Programs\MiKTeX\tex/latex/kvoptions\kvoption
s.sty
Package: kvoptions 2022-06-15 v3.15 Key value format for package options (HO)
))
\c@section@level=\count267
)
(C:\Users\alberttran\AppData\Local\Programs\MiKTeX\tex/latex/etoolbox\etoolbox.
sty
Package: etoolbox 2020/10/05 v2.5k e-TeX tools for LaTeX (JAW)
\etb@tempcnta=\count268
)
\@linkdim=\dimen150
\Hy@linkcounter=\count269
\Hy@pagecounter=\count270

(C:\Users\alberttran\AppData\Local\Programs\MiKTeX\tex/latex/hyperref\pd1enc.de
f
File: pd1enc.def 2023-11-26 v7.01g Hyperref: PDFDocEncoding definition (HO)
Now handling font encoding PD1 ...
... no UTF-8 mapping file for font encoding PD1
)
(C:\Users\alberttran\AppData\Local\Programs\MiKTeX\tex/generic/intcalc\intcalc.
sty
Package: intcalc 2019/12/15 v1.3 Expandable calculations with integers (HO)
)
\Hy@SavedSpaceFactor=\count271

(C:\Users\alberttran\AppData\Local\Programs\MiKTeX\tex/latex/hyperref\puenc.def
File: puenc.def 2023-11-26 v7.01g Hyperref: PDF Unicode definition (HO)
Now handling font encoding PU ...
... no UTF-8 mapping file for font encoding PU
)
Package hyperref Info: Hyper figures OFF on input line 4181.
Package hyperref Info: Link nesting OFF on input line 4186.
Package hyperref Info: Hyper index ON on input line 4189.
Package hyperref Info: Plain pages OFF on input line 4196.
Package hyperref Info: Backreferencing OFF on input line 4201.
Package hyperref Info: Implicit mode ON; LaTeX internals redefined.
Package hyperref Info: Bookmarks ON on input line 4448.
\c@Hy@tempcnt=\count272
 (C:\Users\alberttran\AppData\Local\Programs\MiKTeX\tex/latex/url\url.sty
\Urlmuskip=\muskip16
Package: url 2013/09/16  ver 3.4  Verb mode for urls, etc.
)
LaTeX Info: Redefining \url on input line 4786.
\XeTeXLinkMargin=\dimen151

(C:\Users\alberttran\AppData\Local\Programs\MiKTeX\tex/generic/bitset\bitset.st
y
Package: bitset 2019/12/09 v1.3 Handle bit-vector datatype (HO)

(C:\Users\alberttran\AppData\Local\Programs\MiKTeX\tex/generic/bigintcalc\bigin
tcalc.sty
Package: bigintcalc 2019/12/15 v1.5 Expandable calculations on big integers (HO
)
))
\Fld@menulength=\count273
\Field@Width=\dimen152
\Fld@charsize=\dimen153
Package hyperref Info: Hyper figures OFF on input line 6065.
Package hyperref Info: Link nesting OFF on input line 6070.
Package hyperref Info: Hyper index ON on input line 6073.
Package hyperref Info: backreferencing OFF on input line 6080.
Package hyperref Info: Link coloring OFF on input line 6085.
Package hyperref Info: Link coloring with OCG OFF on input line 6090.
Package hyperref Info: PDF/A mode OFF on input line 6095.

(C:\Users\alberttran\AppData\Local\Programs\MiKTeX\tex/latex/base\atbegshi-ltx.
sty
Package: atbegshi-ltx 2021/01/10 v1.0c Emulation of the original atbegshi
package with kernel methods
)
\Hy@abspage=\count274
\c@Item=\count275
\c@Hfootnote=\count276
)
Package hyperref Info: Driver (autodetected): hpdftex.

(C:\Users\alberttran\AppData\Local\Programs\MiKTeX\tex/latex/hyperref\hpdftex.d
ef
File: hpdftex.def 2023-11-26 v7.01g Hyperref driver for pdfTeX

(C:\Users\alberttran\AppData\Local\Programs\MiKTeX\tex/latex/base\atveryend-ltx
.sty
Package: atveryend-ltx 2020/08/19 v1.0a Emulation of the original atveryend pac
kage
with kernel methods
)
\Fld@listcount=\count277
\c@bookmark@seq@number=\count278

(C:\Users\alberttran\AppData\Local\Programs\MiKTeX\tex/latex/rerunfilecheck\rer
unfilecheck.sty
Package: rerunfilecheck 2025-06-21 v1.11 Rerun checks for auxiliary files (HO)

(C:\Users\alberttran\AppData\Local\Programs\MiKTeX\tex/generic/uniquecounter\un
iquecounter.sty
Package: uniquecounter 2019/12/15 v1.4 Provide unlimited unique counter (HO)
)
Package uniquecounter Info: New unique counter `rerunfilecheck' on input line 2
84.
)
\Hy@SectionHShift=\skip54
)
(C:\Users\alberttran\AppData\Local\Programs\MiKTeX\tex/latex/booktabs\booktabs.
sty
Package: booktabs 2020/01/12 v1.61803398 Publication quality tables
\heavyrulewidth=\dimen154
\lightrulewidth=\dimen155
\cmidrulewidth=\dimen156
\belowrulesep=\dimen157
\belowbottomsep=\dimen158
\aboverulesep=\dimen159
\abovetopsep=\dimen160
\cmidrulesep=\dimen161
\cmidrulekern=\dimen162
\defaultaddspace=\dimen163
\@cmidla=\count279
\@cmidlb=\count280
\@aboverulesep=\dimen164
\@belowrulesep=\dimen165
\@thisruleclass=\count281
\@lastruleclass=\count282
\@thisrulewidth=\dimen166
)
(C:\Users\alberttran\AppData\Local\Programs\MiKTeX\tex/latex/amsfonts\amsfonts.
sty
Package: amsfonts 2013/01/14 v3.01 Basic AMSFonts support
\@emptytoks=\toks22
\symAMSa=\mathgroup4
\symAMSb=\mathgroup5
LaTeX Font Info:    Redeclaring math symbol \hbar on input line 98.
LaTeX Font Info:    Overwriting math alphabet `\mathfrak' in version `bold'
(Font)                  U/euf/m/n --> U/euf/b/n on input line 106.
)
(C:\Users\alberttran\AppData\Local\Programs\MiKTeX\tex/latex/units\nicefrac.sty
Package: nicefrac 1998/08/04 v0.9b Nice fractions
\L@UnitsRaiseDisplaystyle=\skip55
\L@UnitsRaiseTextstyle=\skip56
\L@UnitsRaiseScriptstyle=\skip57
(C:\Users\alberttran\AppData\Local\Programs\MiKTeX\tex/latex/base\ifthen.sty
Package: ifthen 2022/04/13 v1.1d Standard LaTeX ifthen package (DPC)
))
(C:\Users\alberttran\AppData\Local\Programs\MiKTeX\tex/latex/microtype\microtyp
e.sty
Package: microtype 2026/03/01 v3.2d Micro-typographical refinements (RS)
\MT@toks=\toks23
\MT@tempbox=\box51
\MT@count=\count283
LaTeX Info: Redefining \noprotrusionifhmode on input line 1084.
LaTeX Info: Redefining \leftprotrusion on input line 1085.
\MT@prot@toks=\toks24
LaTeX Info: Redefining \rightprotrusion on input line 1104.
LaTeX Info: Redefining \textls on input line 1449.
\MT@outer@kern=\dimen167
LaTeX Info: Redefining \microtypecontext on input line 2053.
LaTeX Info: Redefining \textmicrotypecontext on input line 2070.
\MT@listname@count=\count284

(C:\Users\alberttran\AppData\Local\Programs\MiKTeX\tex/latex/microtype\microtyp
e-pdftex.def
File: microtype-pdftex.def 2026/03/01 v3.2d Definitions specific to pdftex (RS)

LaTeX Info: Redefining \lsstyle on input line 944.
LaTeX Info: Redefining \lslig on input line 944.
\MT@outer@space=\skip58
)
Package microtype Info: Loading configuration file microtype.cfg.

(C:\Users\alberttran\AppData\Local\Programs\MiKTeX\tex/latex/microtype\microtyp
e.cfg
File: microtype.cfg 2026/03/01 v3.2d microtype main configuration file (RS)
)
LaTeX Info: Redefining \microtypesetup on input line 3065.
)
(C:\Users\alberttran\AppData\Local\Programs\MiKTeX\tex/latex/xcolor\xcolor.sty
Package: xcolor 2023/11/15 v3.01 LaTeX color extensions (UK)

(C:\Users\alberttran\AppData\Local\Programs\MiKTeX\tex/latex/graphics-cfg\color
.cfg
File: color.cfg 2016/01/02 v1.6 sample color configuration
)
Package xcolor Info: Driver file: pdftex.def on input line 274.

(C:\Users\alberttran\AppData\Local\Programs\MiKTeX\tex/latex/graphics-def\pdfte
x.def
File: pdftex.def 2022/09/22 v1.2b Graphics/color driver for pdftex
)
(C:\Users\alberttran\AppData\Local\Programs\MiKTeX\tex/latex/graphics\mathcolor
.ltx)
Package xcolor Info: Model `cmy' substituted by `cmy0' on input line 1350.
Package xcolor Info: Model `hsb' substituted by `rgb' on input line 1354.
Package xcolor Info: Model `RGB' extended on input line 1366.
Package xcolor Info: Model `HTML' substituted by `rgb' on input line 1368.
Package xcolor Info: Model `Hsb' substituted by `hsb' on input line 1369.
Package xcolor Info: Model `tHsb' substituted by `hsb' on input line 1370.
Package xcolor Info: Model `HSB' substituted by `hsb' on input line 1371.
Package xcolor Info: Model `Gray' substituted by `gray' on input line 1372.
Package xcolor Info: Model `wave' substituted by `hsb' on input line 1373.
)
(C:\Users\alberttran\AppData\Local\Programs\MiKTeX\tex/latex/graphics\graphicx.
sty
Package: graphicx 2021/09/16 v1.2d Enhanced LaTeX Graphics (DPC,SPQR)

(C:\Users\alberttran\AppData\Local\Programs\MiKTeX\tex/latex/graphics\graphics.
sty
Package: graphics 2022/03/10 v1.4e Standard LaTeX Graphics (DPC,SPQR)

(C:\Users\alberttran\AppData\Local\Programs\MiKTeX\tex/latex/graphics\trig.sty
Package: trig 2021/08/11 v1.11 sin cos tan (DPC)
)
(C:\Users\alberttran\AppData\Local\Programs\MiKTeX\tex/latex/graphics-cfg\graph
ics.cfg
File: graphics.cfg 2016/06/04 v1.11 sample graphics configuration
)
Package graphics Info: Driver file: pdftex.def on input line 107.
)
\Gin@req@height=\dimen168
\Gin@req@width=\dimen169
)
(C:\Users\alberttran\AppData\Local\Programs\MiKTeX\tex/latex/amsmath\amsmath.st
y
Package: amsmath 2023/05/13 v2.17o AMS math features
\@mathmargin=\skip59

For additional information on amsmath, use the `?' option.

(C:\Users\alberttran\AppData\Local\Programs\MiKTeX\tex/latex/amsmath\amstext.st
y
Package: amstext 2021/08/26 v2.01 AMS text

(C:\Users\alberttran\AppData\Local\Programs\MiKTeX\tex/latex/amsmath\amsgen.sty
File: amsgen.sty 1999/11/30 v2.0 generic functions
\@emptytoks=\toks25
\ex@=\dimen170
))
(C:\Users\alberttran\AppData\Local\Programs\MiKTeX\tex/latex/amsmath\amsbsy.sty
Package: amsbsy 1999/11/29 v1.2d Bold Symbols
\pmbraise@=\dimen171
)
(C:\Users\alberttran\AppData\Local\Programs\MiKTeX\tex/latex/amsmath\amsopn.sty
Package: amsopn 2022/04/08 v2.04 operator names
)
\inf@bad=\count285
LaTeX Info: Redefining \frac on input line 234.
\uproot@=\count286
\leftroot@=\count287
LaTeX Info: Redefining \overline on input line 399.
LaTeX Info: Redefining \colon on input line 410.
\classnum@=\count288
\DOTSCASE@=\count289
LaTeX Info: Redefining \ldots on input line 496.
LaTeX Info: Redefining \dots on input line 499.
LaTeX Info: Redefining \cdots on input line 620.
\Mathstrutbox@=\box52
\strutbox@=\box53
LaTeX Info: Redefining \big on input line 722.
LaTeX Info: Redefining \Big on input line 723.
LaTeX Info: Redefining \bigg on input line 724.
LaTeX Info: Redefining \Bigg on input line 725.
\big@size=\dimen172
LaTeX Font Info:    Redeclaring font encoding OML on input line 743.
LaTeX Font Info:    Redeclaring font encoding OMS on input line 744.
\macc@depth=\count290
LaTeX Info: Redefining \bmod on input line 905.
LaTeX Info: Redefining \pmod on input line 910.
LaTeX Info: Redefining \smash on input line 940.
LaTeX Info: Redefining \relbar on input line 970.
LaTeX Info: Redefining \Relbar on input line 971.
\c@MaxMatrixCols=\count291
\dotsspace@=\muskip17
\c@parentequation=\count292
\dspbrk@lvl=\count293
\tag@help=\toks26
\row@=\count294
\column@=\count295
\maxfields@=\count296
\andhelp@=\toks27
\eqnshift@=\dimen173
\alignsep@=\dimen174
\tagshift@=\dimen175
\tagwidth@=\dimen176
\totwidth@=\dimen177
\lineht@=\dimen178
\@envbody=\toks28
\multlinegap=\skip60
\multlinetaggap=\skip61
\mathdisplay@stack=\toks29
LaTeX Info: Redefining \[ on input line 2953.
LaTeX Info: Redefining \] on input line 2954.
)
(C:\Users\alberttran\AppData\Local\Programs\MiKTeX\tex/latex/caption\subcaption
.sty
Package: subcaption 2023/07/28 v1.6b Sub-captions (AR)

(C:\Users\alberttran\AppData\Local\Programs\MiKTeX\tex/latex/caption\caption.st
y
Package: caption 2023/08/05 v3.6o Customizing captions (AR)

(C:\Users\alberttran\AppData\Local\Programs\MiKTeX\tex/latex/caption\caption3.s
ty
Package: caption3 2023/07/31 v2.4d caption3 kernel (AR)
\caption@tempdima=\dimen179
\captionmargin=\dimen180
\caption@leftmargin=\dimen181
\caption@rightmargin=\dimen182
\caption@width=\dimen183
\caption@indent=\dimen184
\caption@parindent=\dimen185
\caption@hangindent=\dimen186
Package caption Info: Standard document class detected.
)
\c@caption@flags=\count297
\c@continuedfloat=\count298
Package caption Info: hyperref package is loaded.
)
Package caption Info: New subtype `subfigure' on input line 238.
\c@subfigure=\count299
Package caption Info: New subtype `subtable' on input line 238.
\c@subtable=\count300
)
(C:\Users\alberttran\AppData\Local\Programs\MiKTeX\tex/latex/multirow\multirow.
sty
Package: multirow 2024/11/12 v2.9 Span multiple rows of a table
\multirow@colwidth=\skip62
\multirow@cntb=\count301
\multirow@dima=\skip63
\bigstrutjot=\dimen187
)
(C:\Users\alberttran\AppData\Local\Programs\MiKTeX\tex/latex/tools\array.sty
Package: array 2023/10/16 v2.5g Tabular extension package (FMi)
\col@sep=\dimen188
\ar@mcellbox=\box54
\extrarowheight=\dimen189
\NC@list=\toks30
\extratabsurround=\skip64
\backup@length=\skip65
\ar@cellbox=\box55
)
(C:\Users\alberttran\AppData\Local\Programs\MiKTeX\tex/latex/enumitem\enumitem.
sty
Package: enumitem 2025/02/06 v3.11 Customized lists
\labelindent=\skip66
\enit@outerparindent=\dimen190
\enit@toks=\toks31
\enit@inbox=\box56
\enit@count@id=\count302
\enitdp@description=\count303
)
(C:\Users\alberttran\AppData\Local\Programs\MiKTeX\tex/latex/float\float.sty
Package: float 2001/11/08 v1.3d Float enhancements (AL)
\c@float@type=\count304
\float@exts=\toks32
\float@box=\box57
\@float@everytoks=\toks33
\@floatcapt=\box58
)
Package hyperref Info: Option `colorlinks' set `true' on input line 31.

(C:\Users\alberttran\AppData\Local\Programs\MiKTeX\tex/latex/l3backend\l3backen
d-pdftex.def
File: l3backend-pdftex.def 2024-01-04 L3 backend support: PDF output (pdfTeX)
\l__color_backend_stack_int=\count305
\l__pdf_internal_box=\box59
) (report_neurips.aux
LaTeX Font Info:    Trying to load font information for T5+ptm on input line 8.


(C:\Users\alberttran\AppData\Local\Programs\MiKTeX\tex/latex/vntex\t5ptm.fd
File: t5utm.fd 2005/08/24 Fontinst v1.929 font definitions for T5/ptm.
))
\openout1 = `report_neurips.aux'.

LaTeX Font Info:    Checking defaults for OML/cmm/m/it on input line 54.
LaTeX Font Info:    ... okay on input line 54.
LaTeX Font Info:    Checking defaults for OMS/cmsy/m/n on input line 54.
LaTeX Font Info:    ... okay on input line 54.
LaTeX Font Info:    Checking defaults for OT1/cmr/m/n on input line 54.
LaTeX Font Info:    ... okay on input line 54.
LaTeX Font Info:    Checking defaults for T1/cmr/m/n on input line 54.
LaTeX Font Info:    ... okay on input line 54.
LaTeX Font Info:    Checking defaults for TS1/cmr/m/n on input line 54.
LaTeX Font Info:    ... okay on input line 54.
LaTeX Font Info:    Checking defaults for OMX/cmex/m/n on input line 54.
LaTeX Font Info:    ... okay on input line 54.
LaTeX Font Info:    Checking defaults for U/cmr/m/n on input line 54.
LaTeX Font Info:    ... okay on input line 54.
LaTeX Font Info:    Checking defaults for T5/cmr/m/n on input line 54.
LaTeX Font Info:    Trying to load font information for T5+cmr on input line 54
.

(C:\Users\alberttran\AppData\Local\Programs\MiKTeX\tex/latex/vntex\t5cmr.fd
File: t5cmr.fd 1999/05/25 v2.5h Standard LaTeX font definitions
)
LaTeX Font Info:    ... okay on input line 54.
LaTeX Font Info:    Checking defaults for PD1/pdf/m/n on input line 54.
LaTeX Font Info:    ... okay on input line 54.
LaTeX Font Info:    Checking defaults for PU/pdf/m/n on input line 54.
LaTeX Font Info:    ... okay on input line 54.

*geometry* driver: auto-detecting
*geometry* detected driver: pdftex
*geometry* verbose mode - [ preamble ] result:
* driver: pdftex
* paper: letterpaper
* layout: <same size as paper>
* layoutoffset:(h,v)=(0.0pt,0.0pt)
* modes: 
* h-part:(L,W,R)=(92.14519pt, 430.00462pt, 92.14519pt)
* v-part:(T,H,B)=(95.39737pt, 556.47656pt, 143.09605pt)
* \paperwidth=614.295pt
* \paperheight=794.96999pt
* \textwidth=430.00462pt
* \textheight=556.47656pt
* \oddsidemargin=19.8752pt
* \evensidemargin=19.8752pt
* \topmargin=-13.87262pt
* \headheight=12.0pt
* \headsep=25.0pt
* \topskip=10.0pt
* \footskip=30.0pt
* \marginparwidth=65.0pt
* \marginparsep=11.0pt
* \columnsep=10.0pt
* \skip\footins=9.0pt plus 4.0pt minus 2.0pt
* \hoffset=0.0pt
* \voffset=0.0pt
* \mag=1000
* \@twocolumnfalse
* \@twosidefalse
* \@mparswitchfalse
* \@reversemarginfalse
* (1in=72.27pt=25.4mm, 1cm=28.453pt)

*geometry* verbose mode - [ newgeometry ] result:
* driver: pdftex
* paper: letterpaper
* layout: <same size as paper>
* layoutoffset:(h,v)=(0.0pt,0.0pt)
* modes: 
* h-part:(L,W,R)=(108.405pt, 397.48499pt, 108.40501pt)
* v-part:(T,H,B)=(72.26999pt, 650.43pt, 72.27pt)
* \paperwidth=614.295pt
* \paperheight=794.96999pt
* \textwidth=397.48499pt
* \textheight=650.43pt
* \oddsidemargin=36.13501pt
* \evensidemargin=36.13501pt
* \topmargin=-37.0pt
* \headheight=12.0pt
* \headsep=25.0pt
* \topskip=10.0pt
* \footskip=30.0pt
* \marginparwidth=65.0pt
* \marginparsep=11.0pt
* \columnsep=10.0pt
* \skip\footins=9.0pt plus 4.0pt minus 2.0pt
* \hoffset=0.0pt
* \voffset=0.0pt
* \mag=1000
* \@twocolumnfalse
* \@twosidefalse
* \@mparswitchfalse
* \@reversemarginfalse
* (1in=72.27pt=25.4mm, 1cm=28.453pt)

Package hyperref Info: Link coloring ON on input line 54.
(report_neurips.out) (report_neurips.out)
\@outlinefile=\write3
\openout3 = `report_neurips.out'.

LaTeX Info: Redefining \microtypecontext on input line 54.
Package microtype Info: Applying patch `item' on input line 54.
Package microtype Info: Applying patch `toc' on input line 54.
Package microtype Info: Applying patch `eqnum' on input line 54.
Package microtype Info: Applying patch `footnote' on input line 54.
Package microtype Info: Applying patch `verbatim' on input line 54.
LaTeX Info: Redefining \microtypesetup on input line 54.
Package microtype Info: Generating PDF output.
Package microtype Info: Character protrusion enabled (level 2).
Package microtype Info: Using default protrusion set `alltext'.
Package microtype Info: Automatic font expansion enabled (level 2),
(microtype)             stretch: 20, shrink: 20, step: 1, non-selected.
Package microtype Info: Using default expansion set `alltext-nott'.
Package microtype Info: Patching command `\showhyphens'.
Package microtype Info: No adjustment of tracking.
Package microtype Info: No adjustment of interword spacing.
Package microtype Info: No adjustment of character kerning.

(C:\Users\alberttran\AppData\Local\Programs\MiKTeX\tex/latex/microtype\mt-ptm.c
fg
File: mt-ptm.cfg 2006/04/20 v1.7 microtype config. file: Times (RS)
)

Package microtype Warning: I cannot find a protrusion list for font
(microtype)                `T5/ptm/m/n/10'. Switching off
(microtype)                protrusion for this font on input line 54.


(C:\Users\alberttran\AppData\Local\Programs\MiKTeX\tex/context/base/mkii\supp-p
df.mkii
[Loading MPS to PDF converter (version 2006.09.02).]
\scratchcounter=\count306
\scratchdimen=\dimen191
\scratchbox=\box60
\nofMPsegments=\count307
\nofMParguments=\count308
\everyMPshowfont=\toks34
\MPscratchCnt=\count309
\MPscratchDim=\dimen192
\MPnumerator=\count310
\makeMPintoPDFobject=\count311
\everyMPtoPDFconversion=\toks35
)
(C:\Users\alberttran\AppData\Local\Programs\MiKTeX\tex/latex/epstopdf-pkg\epsto
pdf-base.sty
Package: epstopdf-base 2020-01-24 v2.11 Base part for package epstopdf
Package epstopdf-base Info: Redefining graphics rule for `.eps' on input line 4
85.

(C:\Users\alberttran\AppData\Local\Programs\MiKTeX\tex/latex/00miktex\epstopdf-
sys.cfg
File: epstopdf-sys.cfg 2021/03/18 v2.0 Configuration of epstopdf for MiKTeX
))
Package caption Info: Begin \AtBeginDocument code.
Package caption Info: float package is loaded.
Package caption Info: End \AtBeginDocument code.


Package microtype Warning: I cannot find a protrusion list for font
(microtype)                `T5/ptm/m/n/17.28'. Switching off
(microtype)                protrusion for this font on input line 56.


Package microtype Warning: I cannot find a protrusion list for font
(microtype)                `T5/ptm/b/n/17.28'. Switching off
(microtype)                protrusion for this font on input line 56.


(C:\Users\alberttran\AppData\Local\Programs\MiKTeX\tex/latex/microtype\mt-cmr.c
fg
File: mt-cmr.cfg 2013/05/19 v2.2 microtype config. file: Computer Modern Roman 
(RS)
)
LaTeX Font Info:    Trying to load font information for U+msa on input line 56.


(C:\Users\alberttran\AppData\Local\Programs\MiKTeX\tex/latex/amsfonts\umsa.fd
File: umsa.fd 2013/01/14 v3.01 AMS symbols A
)
(C:\Users\alberttran\AppData\Local\Programs\MiKTeX\tex/latex/microtype\mt-msa.c
fg
File: mt-msa.cfg 2006/02/04 v1.1 microtype config. file: AMS symbols (a) (RS)
)
LaTeX Font Info:    Trying to load font information for U+msb on input line 56.


(C:\Users\alberttran\AppData\Local\Programs\MiKTeX\tex/latex/amsfonts\umsb.fd
File: umsb.fd 2013/01/14 v3.01 AMS symbols B
)
(C:\Users\alberttran\AppData\Local\Programs\MiKTeX\tex/latex/microtype\mt-msb.c
fg
File: mt-msb.cfg 2005/06/01 v1.0 microtype config. file: AMS symbols (b) (RS)
)

Package microtype Warning: I cannot find a protrusion list for font
(microtype)                `T5/ptm/b/n/10'. Switching off
(microtype)                protrusion for this font on input line 56.

LaTeX Font Info:    Trying to load font information for T5+cmtt on input line 5
6.
(C:\Users\alberttran\AppData\Local\Programs\MiKTeX\tex/latex/vntex\t5cmtt.fd
File: t5cmtt.fd 1999/05/25 v2.5h Standard LaTeX font definitions
)

Package microtype Warning: I cannot find a protrusion list for font
(microtype)                `T5/cmtt/m/n/10'. Switching off
(microtype)                protrusion for this font on input line 56.

LaTeX Font Info:    Trying to load font information for TS1+cmtt on input line 
56.
(C:\Users\alberttran\AppData\Local\Programs\MiKTeX\tex/latex/base\ts1cmtt.fd
File: ts1cmtt.fd 2023/04/13 v2.5m Standard LaTeX font definitions
)
Package microtype Info: Loading generic protrusion settings for font family
(microtype)             `cmtt' (encoding: TS1).
(microtype)             For optimal results, create family-specific settings.
(microtype)             See the microtype manual for details.

Overfull \hbox (8.1689pt too wide) in paragraph at lines 56--56
 [] 
 []


Package microtype Warning: I cannot find a protrusion list for font
(microtype)                `T5/ptm/m/n/9'. Switching off
(microtype)                protrusion for this font on input line 56.


Package microtype Warning: I cannot find a protrusion list for font
(microtype)                `T5/cmtt/m/n/9'. Switching off
(microtype)                protrusion for this font on input line 56.


Package microtype Warning: I cannot find a protrusion list for font
(microtype)                `T5/ptm/m/n/12'. Switching off
(microtype)                protrusion for this font on input line 58.


Package microtype Warning: I cannot find a protrusion list for font
(microtype)                `T5/ptm/b/n/12'. Switching off
(microtype)                protrusion for this font on input line 58.


Package microtype Warning: I cannot find a protrusion list for font
(microtype)                `T5/ptm/m/it/10'. Switching off
(microtype)                protrusion for this font on input line 66.


Package microtype Warning: I cannot find a protrusion list for font
(microtype)                `T5/ptm/b/it/10'. Switching off
(microtype)                protrusion for this font on input line 75.


Package microtype Warning: I cannot find a protrusion list for font
(microtype)                `T5/ptm/b/n/9'. Switching off
(microtype)                protrusion for this font on input line 88.

LaTeX Font Info:    Trying to load font information for TS1+ptm on input line 9
8.
(C:\Users\alberttran\AppData\Local\Programs\MiKTeX\tex/latex/psnfss\ts1ptm.fd
File: ts1ptm.fd 2001/06/04 font definitions for TS1/ptm.
)
LaTeX Info: Symbol \textrightarrow not provided by
            font family ptm in TS1 encoding.
            Default family used instead on input line 98.
LaTeX Info: Symbol \textrightarrow not provided by
            font family ptm in TS1 encoding.
            Default family used instead on input line 98.

[1


{C:/Users/alberttran/AppData/Local/MiKTeX/fonts/map/pdftex/pdftex.map}{C:/Users
/alberttran/AppData/Local/Programs/MiKTeX/fonts/enc/dvips/vntex/t5.enc}]
<figures/modelling/fig3_cogs_margin_by_quarter_parity.png, id=107, 787.743pt x 
390.258pt>
File: figures/modelling/fig3_cogs_margin_by_quarter_parity.png Graphic file (ty
pe png)
<use figures/modelling/fig3_cogs_margin_by_quarter_parity.png>
Package pdftex.def Info: figures/modelling/fig3_cogs_margin_by_quarter_parity.p
ng  used on input line 113.
(pdftex.def)             Requested size: 206.69388pt x 102.39958pt.
<figures/modelling/fig2_monthly_recovery_pattern.png, id=109, 860.013pt x 570.4
512pt>
File: figures/modelling/fig2_monthly_recovery_pattern.png Graphic file (type pn
g)
<use figures/modelling/fig2_monthly_recovery_pattern.png>
Package pdftex.def Info: figures/modelling/fig2_monthly_recovery_pattern.png  u
sed on input line 119.
(pdftex.def)             Requested size: 182.84575pt x 121.27803pt.


Package microtype Warning: I cannot find a protrusion list for font
(microtype)                `T5/ptm/m/n/7'. Switching off
(microtype)                protrusion for this font on input line 144.


Package microtype Warning: I cannot find a protrusion list for font
(microtype)                `T5/ptm/b/n/7'. Switching off
(microtype)                protrusion for this font on input line 149.


Underfull \vbox (badness 10000) has occurred while \output is active []

 [2{C:/Users/alberttran/AppData/Local/Programs/MiKTeX/fonts/enc/dvips/base/8r.e
nc} <./figures/modelling/fig3_cogs_margin_by_quarter_parity.png> <./figures/mod
elling/fig2_monthly_recovery_pattern.png>]

Package microtype Warning: I cannot find a protrusion list for font
(microtype)                `T5/ptm/m/n/5'. Switching off
(microtype)                protrusion for this font on input line 226.

[3]
<figures/shap/shap_combined_report_figure.png, id=146, 1059.4782pt x 825.68475p
t>
File: figures/shap/shap_combined_report_figure.png Graphic file (type png)
<use figures/shap/shap_combined_report_figure.png>
Package pdftex.def Info: figures/shap/shap_combined_report_figure.png  used on 
input line 269.
(pdftex.def)             Requested size: 385.56091pt x 300.4716pt.
 [4 <./figures/shap/shap_combined_report_figure.png>]

Package microtype Warning: I cannot find a protrusion list for font
(microtype)                `T5/ptm/m/it/9'. Switching off
(microtype)                protrusion for this font on input line 296.

[5]
<figures/eda/Business_Model_Canvas.png, id=168, 1445.4pt x 813.0375pt>
File: figures/eda/Business_Model_Canvas.png Graphic file (type png)
<use figures/eda/Business_Model_Canvas.png>
Package pdftex.def Info: figures/eda/Business_Model_Canvas.png  used on input l
ine 316.
(pdftex.def)             Requested size: 166.94296pt x 93.90053pt.
<figures/eda/fig_timeseries_main.png, id=169, 1291.224pt x 781.11826pt>
File: figures/eda/fig_timeseries_main.png Graphic file (type png)
<use figures/eda/fig_timeseries_main.png>
Package pdftex.def Info: figures/eda/fig_timeseries_main.png  used on input lin
e 323.
(pdftex.def)             Requested size: 397.48499pt x 240.45168pt.
<figures/eda/fig_decompose.png, id=170, 1146.684pt x 852.18375pt>
File: figures/eda/fig_decompose.png Graphic file (type png)
<use figures/eda/fig_decompose.png>
Package pdftex.def Info: figures/eda/fig_decompose.png  used on input line 330.

(pdftex.def)             Requested size: 397.48499pt x 295.39505pt.
<figures/eda/fig_multi_cohort_pareto.png, id=171, 1435.764pt x 569.12625pt>
File: figures/eda/fig_multi_cohort_pareto.png Graphic file (type png)
<use figures/eda/fig_multi_cohort_pareto.png>
Package pdftex.def Info: figures/eda/fig_multi_cohort_pareto.png  used on input
 line 338.
(pdftex.def)             Requested size: 194.76982pt x 77.20215pt.
<figures/eda/fig_multi_corr.png, id=172, 823.27576pt x 718.48425pt>
File: figures/eda/fig_multi_corr.png Graphic file (type png)
<use figures/eda/fig_multi_corr.png>
Package pdftex.def Info: figures/eda/fig_multi_corr.png  used on input line 344
.
(pdftex.def)             Requested size: 194.76982pt x 169.97302pt.
<figures/eda/fig_discount_analysis.png, id=173, 1291.224pt x 426.99525pt>
File: figures/eda/fig_discount_analysis.png Graphic file (type png)
<use figures/eda/fig_discount_analysis.png>
Package pdftex.def Info: figures/eda/fig_discount_analysis.png  used on input l
ine 354.
(pdftex.def)             Requested size: 194.76982pt x 64.40486pt.
<figures/eda/fig_inventory_health.png, id=174, 1146.684pt x 498.06075pt>
File: figures/eda/fig_inventory_health.png Graphic file (type png)
<use figures/eda/fig_inventory_health.png>
Package pdftex.def Info: figures/eda/fig_inventory_health.png  used on input li
ne 360.
(pdftex.def)             Requested size: 194.76982pt x 84.5932pt.
<figures/eda/fig_multi_return_heatmap.png, id=175, 1256.2935pt x 498.06075pt>
File: figures/eda/fig_multi_return_heatmap.png Graphic file (type png)
<use figures/eda/fig_multi_return_heatmap.png>
Package pdftex.def Info: figures/eda/fig_multi_return_heatmap.png  used on inpu
t line 370.
(pdftex.def)             Requested size: 194.76982pt x 77.2138pt.
<figures/eda/fig_multi_bubble.png, id=176, 1291.224pt x 569.12625pt>
File: figures/eda/fig_multi_bubble.png Graphic file (type png)
<use figures/eda/fig_multi_bubble.png>
Package pdftex.def Info: figures/eda/fig_multi_bubble.png  used on input line 3
76.
(pdftex.def)             Requested size: 194.76982pt x 85.84288pt.
<figures/eda/fig_multi_stacked.png, id=177, 1291.224pt x 568.524pt>
File: figures/eda/fig_multi_stacked.png Graphic file (type png)
<use figures/eda/fig_multi_stacked.png>
Package pdftex.def Info: figures/eda/fig_multi_stacked.png  used on input line 
386.
(pdftex.def)             Requested size: 194.76982pt x 85.75204pt.

Underfull \hbox (badness 1490) in paragraph at lines 387--387
[]\T5/ptm/m/n/9 (+20) (a) |Streetwear 75%$\OMS/cmsy/m/n/9 !$\T5/ptm/m/n/9 (+20)
 84% (2012^^U2022); Out-door
 []

<figures/eda/fig_clv_gap.png, id=178, 1146.684pt x 426.99525pt>
File: figures/eda/fig_clv_gap.png Graphic file (type png)
<use figures/eda/fig_clv_gap.png>
Package pdftex.def Info: figures/eda/fig_clv_gap.png  used on input line 392.
(pdftex.def)             Requested size: 194.76982pt x 72.52307pt.
<figures/eda/fig_uni_categorical.png, id=179, 1284.59924pt x 781.11826pt>
File: figures/eda/fig_uni_categorical.png Graphic file (type png)
<use figures/eda/fig_uni_categorical.png>
Package pdftex.def Info: figures/eda/fig_uni_categorical.png  used on input lin
e 402.
(pdftex.def)             Requested size: 194.76982pt x 118.42609pt.

Underfull \hbox (badness 1648) in paragraph at lines 403--403
[]\T5/ptm/m/n/9 (+20) (a) |PhĄn phči bi¸n phĄn lo¤i: 79,9% de-liv-ered;
 []

<figures/eda/fig_uni_continuous.png, id=180, 1291.224pt x 709.4505pt>
File: figures/eda/fig_uni_continuous.png Graphic file (type png)
<use figures/eda/fig_uni_continuous.png>
Package pdftex.def Info: figures/eda/fig_uni_continuous.png  used on input line
 408.
(pdftex.def)             Requested size: 194.76982pt x 107.00838pt.
<figures/eda/fig_uni_margin.png, id=181, 1074.414pt x 426.99525pt>
File: figures/eda/fig_uni_margin.png Graphic file (type png)
<use figures/eda/fig_uni_margin.png>
Package pdftex.def Info: figures/eda/fig_uni_margin.png  used on input line 418
.
(pdftex.def)             Requested size: 194.76982pt x 77.40312pt.
<figures/eda/fig_bi_catnum.png, id=182, 1249.0665pt x 972.63374pt>
File: figures/eda/fig_bi_catnum.png Graphic file (type png)
<use figures/eda/fig_bi_catnum.png>
Package pdftex.def Info: figures/eda/fig_bi_catnum.png  used on input line 424.

(pdftex.def)             Requested size: 194.76982pt x 151.66197pt.
<figures/eda/1.png, id=183, 775.698pt x 91.542pt>
File: figures/eda/1.png Graphic file (type png)
<use figures/eda/1.png>
Package pdftex.def Info: figures/eda/1.png  used on input line 433.
(pdftex.def)             Requested size: 397.48499pt x 46.9079pt.
[6


 <./figures/eda/Business_Model_Canvas.png (PNG copy)> <./figures/eda/fig_timese
ries_main.png>] [7 <./figures/eda/fig_decompose.png> <./figures/eda/fig_multi_c
ohort_pareto.png> <./figures/eda/fig_multi_corr.png>] [8 <./figures/eda/fig_dis
count_analysis.png> <./figures/eda/fig_inventory_health.png> <./figures/eda/fig
_multi_return_heatmap.png> <./figures/eda/fig_multi_bubble.png> <./figures/eda/
fig_multi_stacked.png> <./figures/eda/fig_clv_gap.png> <./figures/eda/fig_uni_c
ategorical.png> <./figures/eda/fig_uni_continuous.png>] [9 <./figures/eda/fig_u
ni_margin.png> <./figures/eda/fig_bi_catnum.png> <./figures/eda/1.png>]
<figures/modelling/fig1_annual_revenue_trajectory.png, id=221, 860.013pt x 570.
4512pt>
File: figures/modelling/fig1_annual_revenue_trajectory.png Graphic file (type p
ng)
<use figures/modelling/fig1_annual_revenue_trajectory.png>
Package pdftex.def Info: figures/modelling/fig1_annual_revenue_trajectory.png  
used on input line 445.
(pdftex.def)             Requested size: 397.48499pt x 263.65546pt.
<figures/modelling/fig12_model_architecture.png, id=222, 1004.553pt x 498.663pt
>
File: figures/modelling/fig12_model_architecture.png Graphic file (type png)
<use figures/modelling/fig12_model_architecture.png>
Package pdftex.def Info: figures/modelling/fig12_model_architecture.png  used o
n input line 452.
(pdftex.def)             Requested size: 397.48499pt x 197.31593pt.
<figures/modelling/fig4_cr_derivation_chain.png, id=223, 932.283pt x 462.0462pt
>
File: figures/modelling/fig4_cr_derivation_chain.png Graphic file (type png)
<use figures/modelling/fig4_cr_derivation_chain.png>
Package pdftex.def Info: figures/modelling/fig4_cr_derivation_chain.png  used o
n input line 475.
(pdftex.def)             Requested size: 194.76982pt x 96.52493pt.
<figures/modelling/fig5_folda_vs_lb_decoupling.png, id=224, 932.283pt x 462.528
pt>
File: figures/modelling/fig5_folda_vs_lb_decoupling.png Graphic file (type png)

<use figures/modelling/fig5_folda_vs_lb_decoupling.png>
Package pdftex.def Info: figures/modelling/fig5_folda_vs_lb_decoupling.png  use
d on input line 481.
(pdftex.def)             Requested size: 194.76982pt x 96.6256pt.
<figures/modelling/fig7_leaderboard_progression.png, id=225, 1004.553pt x 426.3
93pt>
File: figures/modelling/fig7_leaderboard_progression.png Graphic file (type png
)
<use figures/modelling/fig7_leaderboard_progression.png>
Package pdftex.def Info: figures/modelling/fig7_leaderboard_progression.png  us
ed on input line 491.
(pdftex.def)             Requested size: 194.76982pt x 82.66809pt.
<figures/modelling/fig8_seed_variance_reduction.png, id=226, 932.283pt x 390.25
8pt>
File: figures/modelling/fig8_seed_variance_reduction.png Graphic file (type png
)
<use figures/modelling/fig8_seed_variance_reduction.png>
Package pdftex.def Info: figures/modelling/fig8_seed_variance_reduction.png  us
ed on input line 497.
(pdftex.def)             Requested size: 194.76982pt x 81.52785pt.
<figures/modelling/fig9_promo_schedule.png, id=227, 935.1738pt x 354.123pt>
File: figures/modelling/fig9_promo_schedule.png Graphic file (type png)
<use figures/modelling/fig9_promo_schedule.png>
Package pdftex.def Info: figures/modelling/fig9_promo_schedule.png  used on inp
ut line 507.
(pdftex.def)             Requested size: 194.76982pt x 73.75201pt.
<figures/modelling/fig10_component_analysis.png, id=228, 929.3922pt x 390.258pt
>
File: figures/modelling/fig10_component_analysis.png Graphic file (type png)
<use figures/modelling/fig10_component_analysis.png>
Package pdftex.def Info: figures/modelling/fig10_component_analysis.png  used o
n input line 513.
(pdftex.def)             Requested size: 194.76982pt x 81.7839pt.
<figures/modelling/fig11_era_weighting_experiment.png, id=229, 933.7284pt x 389
.7762pt>
File: figures/modelling/fig11_era_weighting_experiment.png Graphic file (type p
ng)
<use figures/modelling/fig11_era_weighting_experiment.png>
Package pdftex.def Info: figures/modelling/fig11_era_weighting_experiment.png  
used on input line 523.
(pdftex.def)             Requested size: 194.76982pt x 81.30229pt.
<figures/modelling/fig13_fold_cr_consistency.png, id=230, 860.013pt x 390.258pt
>
File: figures/modelling/fig13_fold_cr_consistency.png Graphic file (type png)
<use figures/modelling/fig13_fold_cr_consistency.png>
Package pdftex.def Info: figures/modelling/fig13_fold_cr_consistency.png  used 
on input line 529.
(pdftex.def)             Requested size: 194.76982pt x 88.38187pt.
<figures/modelling/fig6_folda_mae_progression.png, id=231, 932.283pt x 390.258p
t>
File: figures/modelling/fig6_folda_mae_progression.png Graphic file (type png)
<use figures/modelling/fig6_folda_mae_progression.png>
Package pdftex.def Info: figures/modelling/fig6_folda_mae_progression.png  used
 on input line 538.
(pdftex.def)             Requested size: 325.9406pt x 136.44347pt.

[10

 <./figures/modelling/fig1_annual_revenue_trajectory.png> <./figures/modelling/
fig12_model_architecture.png>] [11 <./figures/modelling/fig4_cr_derivation_chai
n.png> <./figures/modelling/fig5_folda_vs_lb_decoupling.png> <./figures/modelli
ng/fig7_leaderboard_progression.png> <./figures/modelling/fig8_seed_variance_re
duction.png> <./figures/modelling/fig9_promo_schedule.png> <./figures/modelling
/fig10_component_analysis.png> <./figures/modelling/fig11_era_weighting_experim
ent.png> <./figures/modelling/fig13_fold_cr_consistency.png>] [12 <./figures/mo
delling/fig6_folda_mae_progression.png>]
Underfull \hbox (badness 8170) in paragraph at lines 554--555
[]\T5/ptm/b/n/9 (+20) Khuy¸n m˘i (24): \T5/ptm/m/n/9 (+20) promo_{spring_sale, 
mid_year, fall_launch, year_end, ur-ban_blowout, ru-
 []

[13

]
<figures/shap/shap_summary_beeswarm.png, id=264, 750.1626pt x 570.4512pt>
File: figures/shap/shap_summary_beeswarm.png Graphic file (type png)
<use figures/shap/shap_summary_beeswarm.png>
Package pdftex.def Info: figures/shap/shap_summary_beeswarm.png  used on input 
line 574.
(pdftex.def)             Requested size: 397.48499pt x 302.25935pt.
<figures/shap/shap_seasonal_decomp.png, id=265, 1005.9984pt x 1306.6416pt>
File: figures/shap/shap_seasonal_decomp.png Graphic file (type png)
<use figures/shap/shap_seasonal_decomp.png>
Package pdftex.def Info: figures/shap/shap_seasonal_decomp.png  used on input l
ine 581.
(pdftex.def)             Requested size: 397.48499pt x 516.28725pt.
<figures/shap/shap_dependence_tet.png, id=266, 919.7562pt x 356.532pt>
File: figures/shap/shap_dependence_tet.png Graphic file (type png)
<use figures/shap/shap_dependence_tet.png>
Package pdftex.def Info: figures/shap/shap_dependence_tet.png  used on input li
ne 589.
(pdftex.def)             Requested size: 194.76982pt x 75.49954pt.
<figures/shap/shap_dependence_eom_payday.png, id=267, 931.8012pt x 356.532pt>
File: figures/shap/shap_dependence_eom_payday.png Graphic file (type png)
<use figures/shap/shap_dependence_eom_payday.png>
Package pdftex.def Info: figures/shap/shap_dependence_eom_payday.png  used on i
nput line 595.
(pdftex.def)             Requested size: 194.76982pt x 74.52031pt.
<figures/shap/shap_regime_comparison.png, id=268, 931.8012pt x 640.3122pt>
File: figures/shap/shap_regime_comparison.png Graphic file (type png)
<use figures/shap/shap_regime_comparison.png>
Package pdftex.def Info: figures/shap/shap_regime_comparison.png  used on input
 line 604.
(pdftex.def)             Requested size: 357.73405pt x 245.82237pt.
<figures/shap/shap_waterfall_3days.png, id=269, 1292.6694pt x 427.8384pt>
File: figures/shap/shap_waterfall_3days.png Graphic file (type png)
<use figures/shap/shap_waterfall_3days.png>
Package pdftex.def Info: figures/shap/shap_waterfall_3days.png  used on input l
ine 612.
(pdftex.def)             Requested size: 194.76982pt x 64.46022pt.
<figures/shap/shap_margin_analysis.png, id=270, 1003.5894pt x 428.3202pt>
File: figures/shap/shap_margin_analysis.png Graphic file (type png)
<use figures/shap/shap_margin_analysis.png>
Package pdftex.def Info: figures/shap/shap_margin_analysis.png  used on input l
ine 618.
(pdftex.def)             Requested size: 194.76982pt x 83.12015pt.
<figures/shap/shap_cogs_vs_rev_comparison.png, id=271, 859.5312pt x 424.9476pt>

File: figures/shap/shap_cogs_vs_rev_comparison.png Graphic file (type png)
<use figures/shap/shap_cogs_vs_rev_comparison.png>
Package pdftex.def Info: figures/shap/shap_cogs_vs_rev_comparison.png  used on 
input line 627.
(pdftex.def)             Requested size: 397.48499pt x 196.51573pt.
<figures/shap/shap_category_bar.png, id=272, 986.2446pt x 440.847pt>
File: figures/shap/shap_category_bar.png Graphic file (type png)
<use figures/shap/shap_category_bar.png>
Package pdftex.def Info: figures/shap/shap_category_bar.png  used on input line
 634.
(pdftex.def)             Requested size: 337.86465pt x 151.02281pt.
 [14

 <./figures/shap/shap_summary_beeswarm.png>] [15 <./figures/shap/shap_seasonal_
decomp.png>] [16 <./figures/shap/shap_dependence_tet.png> <./figures/shap/shap_
dependence_eom_payday.png> <./figures/shap/shap_regime_comparison.png> <./figur
es/shap/shap_waterfall_3days.png> <./figures/shap/shap_margin_analysis.png>] [1
7 <./figures/shap/shap_cogs_vs_rev_comparison.png> <./figures/shap/shap_categor
y_bar.png>] (report_neurips.aux)
 ***********
LaTeX2e <2023-11-01> patch level 1
L3 programming layer <2024-01-04>
 ***********
Package rerunfilecheck Info: File `report_neurips.out' has not changed.
(rerunfilecheck)             Checksum: 5E0AE647F7423254393FA3E08BB7A099;4320.
 ) 
Here is how much of TeX's memory you used:
 17288 strings out of 474479
 290311 string characters out of 5741232
 1950542 words of memory out of 5000000
 39023 multiletter control sequences out of 15000+600000
 619782 words of font info for 201 fonts, out of 8000000 for 9000
 1141 hyphenation exceptions out of 8191
 75i,11n,79p,1013b,597s stack positions out of 10000i,1000n,20000p,200000b,200000s
 <C:\Users\alberttran\AppData\Local\MiKTeX\fonts/pk/ljfour/jknappen/ec/dpi600
\tcrm1000.pk> <C:\Users\alberttran\AppData\Local\MiKTeX\fonts/pk/ljfour/jknappe
n/ec/dpi600\tctt1000.pk><C:/Users/alberttran/AppData/Local/Programs/MiKTeX/font
s/type1/public/amsfonts/cm/cmbx10.pfb><C:/Users/alberttran/AppData/Local/Progra
ms/MiKTeX/fonts/type1/public/amsfonts/cm/cmex10.pfb><C:/Users/alberttran/AppDat
a/Local/Programs/MiKTeX/fonts/type1/public/amsfonts/cm/cmmi10.pfb><C:/Users/alb
erttran/AppData/Local/Programs/MiKTeX/fonts/type1/public/amsfonts/cm/cmmi7.pfb>
<C:/Users/alberttran/AppData/Local/Programs/MiKTeX/fonts/type1/public/amsfonts/
cm/cmmi9.pfb><C:/Users/alberttran/AppData/Local/Programs/MiKTeX/fonts/type1/pub
lic/amsfonts/cm/cmr10.pfb><C:/Users/alberttran/AppData/Local/Programs/MiKTeX/fo
nts/type1/public/amsfonts/cm/cmr7.pfb><C:/Users/alberttran/AppData/Local/Progra
ms/MiKTeX/fonts/type1/public/amsfonts/cm/cmr9.pfb><C:/Users/alberttran/AppData/
Local/Programs/MiKTeX/fonts/type1/public/amsfonts/cm/cmsy10.pfb><C:/Users/alber
ttran/AppData/Local/Programs/MiKTeX/fonts/type1/public/amsfonts/cm/cmsy6.pfb><C
:/Users/alberttran/AppData/Local/Programs/MiKTeX/fonts/type1/public/amsfonts/cm
/cmsy7.pfb><C:/Users/alberttran/AppData/Local/Programs/MiKTeX/fonts/type1/publi
c/amsfonts/cm/cmsy9.pfb><C:/Users/alberttran/AppData/Local/Programs/MiKTeX/font
s/type1/vntex/urwvn/utmb8v.pfb><C:/Users/alberttran/AppData/Local/Programs/MiKT
eX/fonts/type1/vntex/urwvn/utmbi8v.pfb><C:/Users/alberttran/AppData/Local/Progr
ams/MiKTeX/fonts/type1/urw/times/utmr8a.pfb><C:/Users/alberttran/AppData/Local/
Programs/MiKTeX/fonts/type1/vntex/urwvn/utmr8v.pfb><C:/Users/alberttran/AppData
/Local/Programs/MiKTeX/fonts/type1/vntex/urwvn/utmri8v.pfb><C:/Users/alberttran
/AppData/Local/Programs/MiKTeX/fonts/type1/vntex/vnr/vntt10.pfb><C:/Users/alber
ttran/AppData/Local/Programs/MiKTeX/fonts/type1/vntex/vnr/vntt9.pfb>
Output written on report_neurips.pdf (17 pages, 6685254 bytes).
PDF statistics:
 411 PDF objects out of 1000 (max. 8388607)
 74 named destinations out of 1000 (max. 500000)
 50004 words of extra memory for PDF output out of 51595 (max. 10000000)

